#
# There is insufficient memory for the Java Runtime Environment to continue.
# Native memory allocation (malloc) failed to allocate 1154288 bytes for Chunk::new
# Possible reasons:
#   The system is out of physical RAM or swap space
#   The process is running with CompressedOops enabled, and the Java Heap may be blocking the growth of the native heap
# Possible solutions:
#   Reduce memory load on the system
#   Increase physical memory or swap space
#   Check if swap backing store is full
#   Decrease Java heap size (-Xmx/-Xms)
#   Decrease number of Java threads
#   Decrease Java thread stack sizes (-Xss)
#   Set larger code cache with -XX:ReservedCodeCacheSize=
#   JVM is running with Unscaled Compressed Oops mode in which the Java heap is
#     placed in the first 4GB address space. The Java Heap base address is the
#     maximum limit for the native heap growth. Please use -XX:HeapBaseMinAddress
#     to set the Java Heap base and to place the Java Heap above 4GB virtual address.
# This output file may be truncated or incomplete.
#
#  Out of Memory Error (allocation.cpp:389), pid=11348, tid=0x0000000000003684
#
# JRE version: OpenJDK Runtime Environment (8.0_242-b01) (build 1.8.0_242-release-1644-b01)
# Java VM: OpenJDK 64-Bit Server VM (25.242-b01 mixed mode windows-amd64 compressed oops)
# Failed to write core dump. Minidumps are not enabled by default on client versions of Windows
#

---------------  T H R E A D  ---------------

Current thread (0x0000000016b19800):  JavaThread "C2 CompilerThread0" daemon [_thread_in_native, id=13956, stack(0x0000000018170000,0x0000000018270000)]

Stack: [0x0000000018170000,0x0000000018270000]
[error occurred during error reporting (printing stack bounds), id 0xc0000005]

Native frames: (J=compiled Java code, j=interpreted, Vv=VM code, C=native code)


Current CompileTask:
C2:  93671 22495 %     4       com.android.tools.r8.ir.regalloc.LinearScanRegisterAllocator::a @ 2198 (3993 bytes)


---------------  P R O C E S S  ---------------

Java Threads: ( => current thread )
  0x000000001cf91800 JavaThread "Cache worker for Java compile cache (F:\NewCx App\AFMAutoCustomer\.gradle\5.6.4\javaCompile)" [_thread_blocked, id=11672, stack(0x000000002f970000,0x000000002fa70000)]
  0x000000001cf92000 JavaThread "Cache worker for Java compile cache (C:\Users\dell pc\.gradle\caches\5.6.4\javaCompile)" [_thread_blocked, id=14460, stack(0x0000000026870000,0x0000000026970000)]
  0x000000001cf8d000 JavaThread "stdout" [_thread_in_native, id=15500, stack(0x0000000026ff0000,0x00000000270f0000)]
  0x0000000020eff000 JavaThread "stderr" [_thread_in_native, id=16108, stack(0x0000000026ef0000,0x0000000026ff0000)]
  0x0000000020f04800 JavaThread "stdout" [_thread_in_native, id=15400, stack(0x0000000026df0000,0x0000000026ef0000)]
  0x0000000020f01800 JavaThread "stderr" [_thread_in_native, id=8536, stack(0x0000000026770000,0x0000000026870000)]
  0x0000000020efe800 JavaThread "stdout" [_thread_in_native, id=12516, stack(0x0000000026cf0000,0x0000000026df0000)]
  0x0000000020f00800 JavaThread "stderr" [_thread_in_native, id=9552, stack(0x0000000026bf0000,0x0000000026cf0000)]
  0x0000000020f03000 JavaThread "stdout" [_thread_in_native, id=10252, stack(0x0000000026af0000,0x0000000026bf0000)]
  0x0000000020f03800 JavaThread "stderr" [_thread_in_native, id=15368, stack(0x00000000269f0000,0x0000000026af0000)]
  0x0000000020f02000 JavaThread "pool-4-thread-1" [_thread_blocked, id=4576, stack(0x0000000026450000,0x0000000026550000)]
  0x0000000020f00000 JavaThread "WorkerExecutor Queue Thread 4" [_thread_blocked, id=15844, stack(0x0000000026570000,0x0000000026670000)]
  0x0000000020ef7000 JavaThread "WorkerExecutor Queue Thread 3" [_thread_blocked, id=14776, stack(0x0000000026350000,0x0000000026450000)]
  0x0000000020ef9000 JavaThread "WorkerExecutor Queue Thread 2" [_thread_blocked, id=7800, stack(0x0000000026250000,0x0000000026350000)]
  0x0000000020efa000 JavaThread "WorkerExecutor Queue" [_thread_blocked, id=15940, stack(0x0000000026150000,0x0000000026250000)]
  0x0000000020efc000 JavaThread "Cache worker for execution history cache (F:\NewCx App\AFMAutoCustomer\.gradle\5.6.4\executionHistory)" [_thread_blocked, id=14380, stack(0x0000000025e50000,0x0000000025f50000)]
  0x0000000020ef6000 JavaThread "Execution worker for ':' Thread 3" [_thread_in_Java, id=14224, stack(0x0000000025d50000,0x0000000025e50000)]
  0x0000000020ef8800 JavaThread "Execution worker for ':' Thread 2" [_thread_in_Java, id=10132, stack(0x0000000025c50000,0x0000000025d50000)]
  0x000000001a42f000 JavaThread "Execution worker for ':'" [_thread_in_Java, id=9636, stack(0x0000000025920000,0x0000000025a20000)]
  0x000000001a42a000 JavaThread "Cache worker for file content cache (F:\NewCx App\AFMAutoCustomer\.gradle\5.6.4\fileContent)" [_thread_blocked, id=11052, stack(0x0000000025820000,0x0000000025920000)]
  0x000000001a42d800 JavaThread "Cache worker for file content cache (C:\Users\dell pc\.gradle\caches\5.6.4\fileContent)" [_thread_blocked, id=14476, stack(0x0000000025720000,0x0000000025820000)]
  0x0000000020300800 JavaThread "Cache worker for Build Output Cleanup Cache (F:\NewCx App\AFMAutoCustomer\.gradle\buildOutputCleanup)" [_thread_blocked, id=8440, stack(0x0000000025620000,0x0000000025720000)]
  0x0000000020304800 JavaThread "Build operations Thread 4" [_thread_blocked, id=7756, stack(0x0000000025520000,0x0000000025620000)]
  0x0000000020303800 JavaThread "Build operations Thread 3" [_thread_blocked, id=12464, stack(0x0000000022a80000,0x0000000022b80000)]
  0x0000000020300000 JavaThread "Build operations Thread 2" [_thread_blocked, id=15576, stack(0x0000000022380000,0x0000000022480000)]
  0x0000000020303000 JavaThread "Build operations" [_thread_blocked, id=12560, stack(0x0000000022280000,0x0000000022380000)]
  0x0000000020302000 JavaThread "Cache worker for cache directory md-rule (C:\Users\dell pc\.gradle\caches\5.6.4\md-rule)" [_thread_blocked, id=11268, stack(0x0000000022180000,0x0000000022280000)]
  0x0000000020301800 JavaThread "Cache worker for cache directory md-supplier (C:\Users\dell pc\.gradle\caches\5.6.4\md-supplier)" [_thread_blocked, id=14692, stack(0x0000000022080000,0x0000000022180000)]
  0x00000000202f8800 JavaThread "Cache worker for file hash cache (F:\NewCx App\AFMAutoCustomer\.gradle\5.6.4\fileHashes)" [_thread_blocked, id=4520, stack(0x0000000021d80000,0x0000000021e80000)]
  0x00000000202ff000 JavaThread "Thread-29" [_thread_blocked, id=13892, stack(0x000000001eb30000,0x000000001ec30000)]
  0x00000000202f7000 JavaThread "Stdin handler" [_thread_blocked, id=14068, stack(0x000000001c390000,0x000000001c490000)]
  0x00000000202f6000 JavaThread "Asynchronous log dispatcher for DefaultDaemonConnection: socket connection from /127.0.0.1:16024 to /127.0.0.1:16034" [_thread_blocked, id=12456, stack(0x000000001c290000,0x000000001c390000)]
  0x00000000202fa800 JavaThread "Cancel handler" [_thread_blocked, id=1308, stack(0x000000001c190000,0x000000001c290000)]
  0x00000000202f5800 JavaThread "Handler for socket connection from /127.0.0.1:16024 to /127.0.0.1:16034" [_thread_in_native, id=6392, stack(0x000000001bf90000,0x000000001c090000)]
  0x00000000202fd800 JavaThread "Memory manager" [_thread_blocked, id=14484, stack(0x0000000023380000,0x0000000023480000)]
  0x000000001a42b800 JavaThread "Cache worker for execution history cache (C:\Users\dell pc\.gradle\caches\5.6.4\executionHistory)" [_thread_blocked, id=7968, stack(0x0000000020600000,0x0000000020700000)]
  0x000000001a429000 JavaThread "Cache worker for journal cache (C:\Users\dell pc\.gradle\caches\journal-1)" [_thread_blocked, id=15796, stack(0x000000001c890000,0x000000001c990000)]
  0x000000001a42c000 JavaThread "File lock request listener" [_thread_in_native, id=14628, stack(0x000000001c790000,0x000000001c890000)]
  0x0000000018b58800 JavaThread "Cache worker for file hash cache (C:\Users\dell pc\.gradle\caches\5.6.4\fileHashes)" [_thread_blocked, id=6944, stack(0x000000001c690000,0x000000001c790000)]
  0x000000001869b800 JavaThread "Daemon worker" [_thread_in_Java, id=6360, stack(0x000000001c090000,0x000000001c190000)]
  0x000000001a4f7800 JavaThread "Daemon" [_thread_blocked, id=12728, stack(0x000000001bb90000,0x000000001bc90000)]
  0x000000001a46d800 JavaThread "Daemon periodic checks" [_thread_blocked, id=7484, stack(0x000000001ba90000,0x000000001bb90000)]
  0x000000001a140800 JavaThread "Incoming local TCP Connector on port 16024" [_thread_in_native, id=10560, stack(0x000000001b850000,0x000000001b950000)]
  0x00000000196a5800 JavaThread "Daemon health stats" [_thread_blocked, id=11316, stack(0x000000001b210000,0x000000001b310000)]
  0x0000000018498800 JavaThread "Service Thread" daemon [_thread_blocked, id=11200, stack(0x0000000018870000,0x0000000018970000)]
  0x0000000016b24800 JavaThread "C1 CompilerThread2" daemon [_thread_blocked, id=3108, stack(0x0000000018370000,0x0000000018470000)]
  0x000000000319a000 JavaThread "C2 CompilerThread1" daemon [_thread_in_native, id=4244, stack(0x0000000018270000,0x0000000018370000)]
=>0x0000000016b19800 JavaThread "C2 CompilerThread0" daemon [_thread_in_native, id=13956, stack(0x0000000018170000,0x0000000018270000)]
  0x0000000016b18000 JavaThread "Attach Listener" daemon [_thread_blocked, id=9496, stack(0x0000000018070000,0x0000000018170000)]
  0x0000000016b17000 JavaThread "Signal Dispatcher" daemon [_thread_blocked, id=5836, stack(0x0000000017f70000,0x0000000018070000)]
  0x0000000003195000 JavaThread "Finalizer" daemon [_thread_blocked, id=2844, stack(0x0000000017d70000,0x0000000017e70000)]
  0x0000000003192000 JavaThread "Reference Handler" daemon [_thread_blocked, id=13768, stack(0x0000000017c70000,0x0000000017d70000)]
  0x0000000002f9e000 JavaThread "main" [_thread_blocked, id=5644, stack(0x0000000002fa0000,0x00000000030a0000)]

Other Threads:
  0x0000000016ad5800 VMThread [stack: 0x0000000017b70000,0x0000000017c70000] [id=5592]
  0x0000000018499000 WatcherThread [stack: 0x0000000018970000,0x0000000018a70000] [id=3120]

VM state:not at safepoint (normal execution)

VM Mutex/Monitor currently owned by a thread: None

heap address: 0x00000000a0000000, size: 1536 MB, Compressed Oops mode: 32-bit
Narrow klass base: 0x0000000000000000, Narrow klass shift: 3
Compressed class space size: 1073741824 Address: 0x0000000100000000

Heap:
 PSYoungGen      total 464896K, used 113791K [0x00000000e0000000, 0x00000000fff80000, 0x0000000100000000)
  eden space 414208K, 21% used [0x00000000e0000000,0x00000000e55eb5c8,0x00000000f9480000)
  from space 50688K, 50% used [0x00000000f9480000,0x00000000fadb48b0,0x00000000fc600000)
  to   space 49152K, 0% used [0x00000000fcf80000,0x00000000fcf80000,0x00000000fff80000)
 ParOldGen       total 209408K, used 134294K [0x00000000a0000000, 0x00000000acc80000, 0x00000000e0000000)
  object space 209408K, 64% used [0x00000000a0000000,0x00000000a8325a98,0x00000000acc80000)
 Metaspace       used 97725K, capacity 101976K, committed 103320K, reserved 1138688K
  class space    used 12580K, capacity 13502K, committed 13736K, reserved 1048576K

Card table byte_map: [0x0000000012560000,0x0000000012870000] byte_map_base: 0x0000000012060000

Marking Bits: (ParMarkBitMap*) 0x000000005904f030
 Begin Bits: [0x0000000012e70000, 0x0000000014670000)
 End Bits:   [0x0000000014670000, 0x0000000015e70000)

Polling page: 0x0000000002ec0000

CodeCache: size=245760Kb used=63829Kb max_used=63829Kb free=181930Kb
 bounds [0x00000000031a0000, 0x00000000070e0000, 0x00000000121a0000]
 total_blobs=18425 nmethods=17552 adapters=782
 compilation: enabled

Compilation events (10 events):
Event: 93.382 Thread 0x0000000016b24800 22551       2       java.util.stream.Collectors$$Lambda$42/583717297::get (8 bytes)
Event: 93.382 Thread 0x0000000016b24800 nmethod 22551 0x0000000006e1b0d0 code [0x0000000006e1b220, 0x0000000006e1b430]
Event: 93.496 Thread 0x0000000016b24800 22554       2       com.android.tools.r8.u.b.f1::<init> (10 bytes)
Event: 93.496 Thread 0x0000000016b24800 nmethod 22554 0x0000000006e1ad10 code [0x0000000006e1ae80, 0x0000000006e1afe8]
Event: 93.571 Thread 0x0000000016b24800 22557       2       com.android.tools.r8.u.c.M::s (118 bytes)
Event: 93.572 Thread 0x0000000016b24800 nmethod 22557 0x0000000005faecd0 code [0x0000000005faee80, 0x0000000005faf1d8]
Event: 93.604 Thread 0x0000000016b24800 22558 %     3       com.android.tools.r8.u.c.N::b @ 22 (75 bytes)
Event: 93.606 Thread 0x0000000016b24800 nmethod 22558% 0x0000000005b4d6d0 code [0x0000000005b4d980, 0x0000000005b4ef38]
Event: 93.606 Thread 0x0000000016b24800 22559       3       com.android.tools.r8.u.c.N::b (75 bytes)
Event: 93.607 Thread 0x0000000016b24800 nmethod 22559 0x00000000063d5e90 code [0x00000000063d6120, 0x00000000063d7598]

GC Heap History (10 events):
Event: 88.495 GC heap before
{Heap before GC invocations=32 (full 5):
 PSYoungGen      total 459264K, used 410755K [0x00000000e0000000, 0x00000000ffd80000, 0x0000000100000000)
  eden space 398848K, 100% used [0x00000000e0000000,0x00000000f8580000,0x00000000f8580000)
  from space 60416K, 19% used [0x00000000fc280000,0x00000000fce20f50,0x00000000ffd80000)
  to   space 61440K, 0% used [0x00000000f8580000,0x00000000f8580000,0x00000000fc180000)
 ParOldGen       total 209408K, used 134294K [0x00000000a0000000, 0x00000000acc80000, 0x00000000e0000000)
  object space 209408K, 64% used [0x00000000a0000000,0x00000000a8325a98,0x00000000acc80000)
 Metaspace       used 97609K, capacity 101836K, committed 103320K, reserved 1138688K
  class space    used 12578K, capacity 13502K, committed 13736K, reserved 1048576K
Event: 88.531 GC heap after
Heap after GC invocations=32 (full 5):
 PSYoungGen      total 460288K, used 14704K [0x00000000e0000000, 0x00000000ffd00000, 0x0000000100000000)
  eden space 398848K, 0% used [0x00000000e0000000,0x00000000e0000000,0x00000000f8580000)
  from space 61440K, 23% used [0x00000000f8580000,0x00000000f93dc3f8,0x00000000fc180000)
  to   space 59392K, 0% used [0x00000000fc300000,0x00000000fc300000,0x00000000ffd00000)
 ParOldGen       total 209408K, used 134294K [0x00000000a0000000, 0x00000000acc80000, 0x00000000e0000000)
  object space 209408K, 64% used [0x00000000a0000000,0x00000000a8325a98,0x00000000acc80000)
 Metaspace       used 97609K, capacity 101836K, committed 103320K, reserved 1138688K
  class space    used 12578K, capacity 13502K, committed 13736K, reserved 1048576K
}
Event: 89.796 GC heap before
{Heap before GC invocations=33 (full 5):
 PSYoungGen      total 460288K, used 413552K [0x00000000e0000000, 0x00000000ffd00000, 0x0000000100000000)
  eden space 398848K, 100% used [0x00000000e0000000,0x00000000f8580000,0x00000000f8580000)
  from space 61440K, 23% used [0x00000000f8580000,0x00000000f93dc3f8,0x00000000fc180000)
  to   space 59392K, 0% used [0x00000000fc300000,0x00000000fc300000,0x00000000ffd00000)
 ParOldGen       total 209408K, used 134294K [0x00000000a0000000, 0x00000000acc80000, 0x00000000e0000000)
  object space 209408K, 64% used [0x00000000a0000000,0x00000000a8325a98,0x00000000acc80000)
 Metaspace       used 97641K, capacity 101840K, committed 103320K, reserved 1138688K
  class space    used 12578K, capacity 13502K, committed 13736K, reserved 1048576K
Event: 89.837 GC heap after
Heap after GC invocations=33 (full 5):
 PSYoungGen      total 457728K, used 20212K [0x00000000e0000000, 0x00000000ff800000, 0x0000000100000000)
  eden space 403456K, 0% used [0x00000000e0000000,0x00000000e0000000,0x00000000f8a00000)
  from space 54272K, 37% used [0x00000000fc300000,0x00000000fd6bd3c8,0x00000000ff800000)
  to   space 56320K, 0% used [0x00000000f8a00000,0x00000000f8a00000,0x00000000fc100000)
 ParOldGen       total 209408K, used 134294K [0x00000000a0000000, 0x00000000acc80000, 0x00000000e0000000)
  object space 209408K, 64% used [0x00000000a0000000,0x00000000a8325a98,0x00000000acc80000)
 Metaspace       used 97641K, capacity 101840K, committed 103320K, reserved 1138688K
  class space    used 12578K, capacity 13502K, committed 13736K, reserved 1048576K
}
Event: 90.921 GC heap before
{Heap before GC invocations=34 (full 5):
 PSYoungGen      total 457728K, used 423668K [0x00000000e0000000, 0x00000000ff800000, 0x0000000100000000)
  eden space 403456K, 100% used [0x00000000e0000000,0x00000000f8a00000,0x00000000f8a00000)
  from space 54272K, 37% used [0x00000000fc300000,0x00000000fd6bd3c8,0x00000000ff800000)
  to   space 56320K, 0% used [0x00000000f8a00000,0x00000000f8a00000,0x00000000fc100000)
 ParOldGen       total 209408K, used 134294K [0x00000000a0000000, 0x00000000acc80000, 0x00000000e0000000)
  object space 209408K, 64% used [0x00000000a0000000,0x00000000a8325a98,0x00000000acc80000)
 Metaspace       used 97663K, capacity 101904K, committed 103320K, reserved 1138688K
  class space    used 12579K, capacity 13502K, committed 13736K, reserved 1048576K
Event: 90.956 GC heap after
Heap after GC invocations=34 (full 5):
 PSYoungGen      total 459776K, used 18852K [0x00000000e0000000, 0x00000000ffd00000, 0x0000000100000000)
  eden space 403456K, 0% used [0x00000000e0000000,0x00000000e0000000,0x00000000f8a00000)
  from space 56320K, 33% used [0x00000000f8a00000,0x00000000f9c69098,0x00000000fc100000)
  to   space 53760K, 0% used [0x00000000fc880000,0x00000000fc880000,0x00000000ffd00000)
 ParOldGen       total 209408K, used 134294K [0x00000000a0000000, 0x00000000acc80000, 0x00000000e0000000)
  object space 209408K, 64% used [0x00000000a0000000,0x00000000a8325a98,0x00000000acc80000)
 Metaspace       used 97663K, capacity 101904K, committed 103320K, reserved 1138688K
  class space    used 12579K, capacity 13502K, committed 13736K, reserved 1048576K
}
Event: 92.181 GC heap before
{Heap before GC invocations=35 (full 5):
 PSYoungGen      total 459776K, used 422308K [0x00000000e0000000, 0x00000000ffd00000, 0x0000000100000000)
  eden space 403456K, 100% used [0x00000000e0000000,0x00000000f8a00000,0x00000000f8a00000)
  from space 56320K, 33% used [0x00000000f8a00000,0x00000000f9c69098,0x00000000fc100000)
  to   space 53760K, 0% used [0x00000000fc880000,0x00000000fc880000,0x00000000ffd00000)
 ParOldGen       total 209408K, used 134294K [0x00000000a0000000, 0x00000000acc80000, 0x00000000e0000000)
  object space 209408K, 64% used [0x00000000a0000000,0x00000000a8325a98,0x00000000acc80000)
 Metaspace       used 97691K, capacity 101972K, committed 103320K, reserved 1138688K
  class space    used 12579K, capacity 13502K, committed 13736K, reserved 1048576K
Event: 92.210 GC heap after
Heap after GC invocations=35 (full 5):
 PSYoungGen      total 462336K, used 22260K [0x00000000e0000000, 0x00000000ff780000, 0x0000000100000000)
  eden space 414208K, 0% used [0x00000000e0000000,0x00000000e0000000,0x00000000f9480000)
  from space 48128K, 46% used [0x00000000fc880000,0x00000000fde3d320,0x00000000ff780000)
  to   space 50688K, 0% used [0x00000000f9480000,0x00000000f9480000,0x00000000fc600000)
 ParOldGen       total 209408K, used 134294K [0x00000000a0000000, 0x00000000acc80000, 0x00000000e0000000)
  object space 209408K, 64% used [0x00000000a0000000,0x00000000a8325a98,0x00000000acc80000)
 Metaspace       used 97691K, capacity 101972K, committed 103320K, reserved 1138688K
  class space    used 12579K, capacity 13502K, committed 13736K, reserved 1048576K
}
Event: 93.432 GC heap before
{Heap before GC invocations=36 (full 5):
 PSYoungGen      total 462336K, used 436468K [0x00000000e0000000, 0x00000000ff780000, 0x0000000100000000)
  eden space 414208K, 100% used [0x00000000e0000000,0x00000000f9480000,0x00000000f9480000)
  from space 48128K, 46% used [0x00000000fc880000,0x00000000fde3d320,0x00000000ff780000)
  to   space 50688K, 0% used [0x00000000f9480000,0x00000000f9480000,0x00000000fc600000)
 ParOldGen       total 209408K, used 134294K [0x00000000a0000000, 0x00000000acc80000, 0x00000000e0000000)
  object space 209408K, 64% used [0x00000000a0000000,0x00000000a8325a98,0x00000000acc80000)
 Metaspace       used 97722K, capacity 101976K, committed 103320K, reserved 1138688K
  class space    used 12580K, capacity 13502K, committed 13736K, reserved 1048576K
Event: 93.490 GC heap after
Heap after GC invocations=36 (full 5):
 PSYoungGen      total 464896K, used 25810K [0x00000000e0000000, 0x00000000fff80000, 0x0000000100000000)
  eden space 414208K, 0% used [0x00000000e0000000,0x00000000e0000000,0x00000000f9480000)
  from space 50688K, 50% used [0x00000000f9480000,0x00000000fadb48b0,0x00000000fc600000)
  to   space 49152K, 0% used [0x00000000fcf80000,0x00000000fcf80000,0x00000000fff80000)
 ParOldGen       total 209408K, used 134294K [0x00000000a0000000, 0x00000000acc80000, 0x00000000e0000000)
  object space 209408K, 64% used [0x00000000a0000000,0x00000000a8325a98,0x00000000acc80000)
 Metaspace       used 97722K, capacity 101976K, committed 103320K, reserved 1138688K
  class space    used 12580K, capacity 13502K, committed 13736K, reserved 1048576K
}

Deoptimization events (10 events):
Event: 88.049 Thread 0x0000000020ef8800 Uncommon trap: reason=unstable_if action=reinterpret pc=0x0000000005593e44 method=java.nio.Bits.copyFromArray(Ljava/lang/Object;JJJJ)V @ 18
Event: 89.178 Thread 0x0000000020ef8800 Uncommon trap: reason=class_check action=maybe_recompile pc=0x000000000649da64 method=com.android.tools.r8.u.a.h.e.b(Lcom/android/tools/r8/u/b/d0;)V @ 379
Event: 91.211 Thread 0x000000001869b800 Uncommon trap: reason=unstable_if action=reinterpret pc=0x0000000006eb58f4 method=com.android.tools.r8.ir.optimize.Z.a(Lcom/android/tools/r8/u/b/T;Lcom/android/tools/r8/ir/regalloc/d;I)V @ 659
Event: 91.241 Thread 0x000000001a42f000 Uncommon trap: reason=bimorphic action=maybe_recompile pc=0x0000000006c8de30 method=com.android.tools.r8.ir.regalloc.LinearScanRegisterAllocator.b()V @ 357
Event: 91.293 Thread 0x000000001a42f000 Uncommon trap: reason=bimorphic action=maybe_recompile pc=0x0000000006c8de30 method=com.android.tools.r8.ir.regalloc.LinearScanRegisterAllocator.b()V @ 357
Event: 91.296 Thread 0x000000001a42f000 Uncommon trap: reason=unstable_if action=reinterpret pc=0x0000000006efa2f8 method=com.android.tools.r8.ir.optimize.Z.a(Ljava/util/Map;I)V @ 29
Event: 92.661 Thread 0x000000001a42f000 Uncommon trap: reason=unstable_if action=reinterpret pc=0x0000000004806f40 method=java.util.concurrent.ConcurrentHashMap.putVal(Ljava/lang/Object;Ljava/lang/Object;Z)Ljava/lang/Object; @ 331
Event: 92.664 Thread 0x000000001a42f000 Uncommon trap: reason=unstable_if action=reinterpret pc=0x0000000004707c30 method=java.util.concurrent.ConcurrentHashMap.transfer([Ljava/util/concurrent/ConcurrentHashMap$Node;[Ljava/util/concurrent/ConcurrentHashMap$Node;)V @ 356
Event: 93.206 Thread 0x000000001a42f000 Uncommon trap: reason=bimorphic action=maybe_recompile pc=0x0000000006c8de30 method=com.android.tools.r8.ir.regalloc.LinearScanRegisterAllocator.b()V @ 357
Event: 93.206 Thread 0x000000001a42f000 Uncommon trap: reason=bimorphic action=maybe_recompile pc=0x0000000006c8de30 method=com.android.tools.r8.ir.regalloc.LinearScanRegisterAllocator.b()V @ 357

Classes redefined (0 events):
No events

Internal exceptions (10 events):
Event: 92.269 Thread 0x0000000020ef6000 Exception <a 'sun/nio/fs/WindowsException'> (0x00000000e00cae18) thrown at [C:\src\AOSP-openjdk-git\hotspot\src\share\vm\prims\jni.cpp, line 710]
Event: 92.329 Thread 0x0000000020ef6000 Exception <a 'sun/nio/fs/WindowsException'> (0x00000000e26e94d8) thrown at [C:\src\AOSP-openjdk-git\hotspot\src\share\vm\prims\jni.cpp, line 710]
Event: 92.524 Thread 0x0000000020ef6000 Exception <a 'sun/nio/fs/WindowsException'> (0x00000000e271fe10) thrown at [C:\src\AOSP-openjdk-git\hotspot\src\share\vm\prims\jni.cpp, line 710]
Event: 92.527 Thread 0x0000000020ef6000 Exception <a 'sun/nio/fs/WindowsException'> (0x00000000e2798a00) thrown at [C:\src\AOSP-openjdk-git\hotspot\src\share\vm\prims\jni.cpp, line 710]
Event: 92.628 Thread 0x000000001a42f000 Exception <a 'sun/nio/fs/WindowsException'> (0x00000000e794aae8) thrown at [C:\src\AOSP-openjdk-git\hotspot\src\share\vm\prims\jni.cpp, line 710]
Event: 92.682 Thread 0x0000000020ef8800 Exception <a 'sun/nio/fs/WindowsException'> (0x00000000e8eb2980) thrown at [C:\src\AOSP-openjdk-git\hotspot\src\share\vm\prims\jni.cpp, line 710]
Event: 92.945 Thread 0x0000000020ef6000 Exception <a 'sun/nio/fs/WindowsException'> (0x00000000eda44f00) thrown at [C:\src\AOSP-openjdk-git\hotspot\src\share\vm\prims\jni.cpp, line 710]
Event: 92.962 Thread 0x0000000020ef8800 Exception <a 'sun/nio/fs/WindowsException'> (0x00000000e8ef9a80) thrown at [C:\src\AOSP-openjdk-git\hotspot\src\share\vm\prims\jni.cpp, line 710]
Event: 92.966 Thread 0x0000000020ef8800 Exception <a 'sun/nio/fs/WindowsException'> (0x00000000e8f9e4e0) thrown at [C:\src\AOSP-openjdk-git\hotspot\src\share\vm\prims\jni.cpp, line 710]
Event: 93.381 Thread 0x0000000020ef8800 Exception <a 'sun/nio/fs/WindowsException'> (0x00000000f8135df8) thrown at [C:\src\AOSP-openjdk-git\hotspot\src\share\vm\prims\jni.cpp, line 710]

Events (10 events):
Event: 93.640 Thread 0x0000000020ef6000 DEOPT PACKING pc=0x0000000006716270 sp=0x0000000025e4a7c0
Event: 93.640 Thread 0x0000000020ef6000 DEOPT UNPACKING pc=0x00000000031e75d0 sp=0x0000000025e4a608 mode 0
Event: 93.645 Thread 0x000000001a42f000 DEOPT PACKING pc=0x000000000663baa6 sp=0x0000000025a1aa70
Event: 93.645 Thread 0x000000001a42f000 DEOPT UNPACKING pc=0x00000000031e75d0 sp=0x0000000025a1a870 mode 0
Event: 93.649 Thread 0x000000001a42f000 DEOPT PACKING pc=0x0000000007004feb sp=0x0000000025a1a3e0
Event: 93.649 Thread 0x000000001a42f000 DEOPT UNPACKING pc=0x00000000031e75d0 sp=0x0000000025a1a448 mode 0
Event: 93.660 Thread 0x000000001869b800 DEOPT PACKING pc=0x0000000006716270 sp=0x000000001c187e40
Event: 93.660 Thread 0x000000001869b800 DEOPT UNPACKING pc=0x00000000031e75d0 sp=0x000000001c187c88 mode 0
Event: 93.664 Thread 0x000000001a42f000 DEOPT PACKING pc=0x000000000663beb2 sp=0x0000000025a1a950
Event: 93.664 Thread 0x000000001a42f000 DEOPT UNPACKING pc=0x00000000031e75d0 sp=0x0000000025a1a760 mode 0


Dynamic libraries:
0x00007ff75b3b0000 - 0x00007ff75b3e1000 	F:\android-studio-ide-192.5916306-windows\android-studio\jre\bin\java.exe
0x00007ffa2fc50000 - 0x00007ffa2fe45000 	C:\WINDOWS\SYSTEM32\ntdll.dll
0x00007ffa2fb50000 - 0x00007ffa2fc0d000 	C:\WINDOWS\System32\KERNEL32.DLL
0x00007ffa2d870000 - 0x00007ffa2db39000 	C:\WINDOWS\System32\KERNELBASE.dll
0x00007ffa2f070000 - 0x00007ffa2f11c000 	C:\WINDOWS\System32\ADVAPI32.dll
0x00007ffa2f640000 - 0x00007ffa2f6de000 	C:\WINDOWS\System32\msvcrt.dll
0x00007ffa2f3f0000 - 0x00007ffa2f48b000 	C:\WINDOWS\System32\sechost.dll
0x00007ffa2ee20000 - 0x00007ffa2ef4a000 	C:\WINDOWS\System32\RPCRT4.dll
0x00007ffa2ec80000 - 0x00007ffa2ee20000 	C:\WINDOWS\System32\USER32.dll
0x00007ffa2d7e0000 - 0x00007ffa2d802000 	C:\WINDOWS\System32\win32u.dll
0x00007ffa2f120000 - 0x00007ffa2f14a000 	C:\WINDOWS\System32\GDI32.dll
0x00007ffa2d390000 - 0x00007ffa2d49b000 	C:\WINDOWS\System32\gdi32full.dll
0x00007ffa2d4a0000 - 0x00007ffa2d53d000 	C:\WINDOWS\System32\msvcp_win.dll
0x00007ffa2dbc0000 - 0x00007ffa2dcc0000 	C:\WINDOWS\System32\ucrtbase.dll
0x00007ffa1ee70000 - 0x00007ffa1f10a000 	C:\WINDOWS\WinSxS\amd64_microsoft.windows.common-controls_6595b64144ccf1df_6.0.19041.1110_none_60b5254171f9507e\COMCTL32.dll
0x00007ffa2e260000 - 0x00007ffa2e290000 	C:\WINDOWS\System32\IMM32.DLL
0x0000000059cd0000 - 0x0000000059da2000 	F:\android-studio-ide-192.5916306-windows\android-studio\jre\jre\bin\msvcr100.dll
0x0000000058880000 - 0x00000000590cb000 	F:\android-studio-ide-192.5916306-windows\android-studio\jre\jre\bin\server\jvm.dll
0x00007ffa2dd20000 - 0x00007ffa2dd28000 	C:\WINDOWS\System32\PSAPI.DLL
0x00007ffa2ac20000 - 0x00007ffa2ac29000 	C:\WINDOWS\SYSTEM32\WSOCK32.dll
0x00007ffa2ec10000 - 0x00007ffa2ec7b000 	C:\WINDOWS\System32\WS2_32.dll
0x00007ffa20ca0000 - 0x00007ffa20cc7000 	C:\WINDOWS\SYSTEM32\WINMM.dll
0x00007ffa26730000 - 0x00007ffa2673a000 	C:\WINDOWS\SYSTEM32\VERSION.dll
0x00007ffa2a2a0000 - 0x00007ffa2a2af000 	F:\android-studio-ide-192.5916306-windows\android-studio\jre\jre\bin\verify.dll
0x00007ffa263d0000 - 0x00007ffa263f9000 	F:\android-studio-ide-192.5916306-windows\android-studio\jre\jre\bin\java.dll
0x00007ffa285e0000 - 0x00007ffa285f6000 	F:\android-studio-ide-192.5916306-windows\android-studio\jre\jre\bin\zip.dll
0x00007ffa2e3a0000 - 0x00007ffa2eadf000 	C:\WINDOWS\System32\SHELL32.dll
0x00007ffa2b4e0000 - 0x00007ffa2bc71000 	C:\WINDOWS\SYSTEM32\windows.storage.dll
0x00007ffa2de70000 - 0x00007ffa2e1c5000 	C:\WINDOWS\System32\combase.dll
0x00007ffa2cd30000 - 0x00007ffa2cd5c000 	C:\WINDOWS\SYSTEM32\Wldp.dll
0x00007ffa2f340000 - 0x00007ffa2f3ee000 	C:\WINDOWS\System32\SHCORE.dll
0x00007ffa2dcc0000 - 0x00007ffa2dd15000 	C:\WINDOWS\System32\shlwapi.dll
0x00007ffa2d2d0000 - 0x00007ffa2d2ef000 	C:\WINDOWS\SYSTEM32\profapi.dll
0x00007ffa236c0000 - 0x00007ffa236da000 	F:\android-studio-ide-192.5916306-windows\android-studio\jre\jre\bin\net.dll
0x00007ffa2ca90000 - 0x00007ffa2cafa000 	C:\WINDOWS\system32\mswsock.dll
0x00007ffa236a0000 - 0x00007ffa236b3000 	F:\android-studio-ide-192.5916306-windows\android-studio\jre\jre\bin\nio.dll
0x00007ffa10630000 - 0x00007ffa10656000 	C:\Users\dell pc\.gradle\native\30\windows-amd64\native-platform.dll
0x00007ffa263c0000 - 0x00007ffa263cd000 	F:\android-studio-ide-192.5916306-windows\android-studio\jre\jre\bin\management.dll
0x00007ffa2cc70000 - 0x00007ffa2cc88000 	C:\WINDOWS\SYSTEM32\CRYPTSP.dll
0x00007ffa2c430000 - 0x00007ffa2c464000 	C:\WINDOWS\system32\rsaenh.dll
0x00007ffa2db40000 - 0x00007ffa2db67000 	C:\WINDOWS\System32\bcrypt.dll
0x00007ffa2d1e0000 - 0x00007ffa2d20e000 	C:\WINDOWS\SYSTEM32\USERENV.dll
0x00007ffa2d750000 - 0x00007ffa2d7d3000 	C:\WINDOWS\System32\bcryptprimitives.dll
0x00007ffa2cc90000 - 0x00007ffa2cc9c000 	C:\WINDOWS\SYSTEM32\CRYPTBASE.dll
0x00007ffa2c780000 - 0x00007ffa2c7bb000 	C:\WINDOWS\SYSTEM32\IPHLPAPI.DLL
0x00007ffa2e390000 - 0x00007ffa2e398000 	C:\WINDOWS\System32\NSI.dll
0x00007ffa27350000 - 0x00007ffa27367000 	C:\WINDOWS\SYSTEM32\dhcpcsvc6.DLL
0x00007ffa283e0000 - 0x00007ffa283fd000 	C:\WINDOWS\SYSTEM32\dhcpcsvc.DLL
0x00007ffa2c7c0000 - 0x00007ffa2c88c000 	C:\WINDOWS\SYSTEM32\DNSAPI.dll

VM Arguments:
jvm_args: -Xmx1536m -Dfile.encoding=windows-1252 -Duser.country=IN -Duser.language=en -Duser.variant 
java_command: org.gradle.launcher.daemon.bootstrap.GradleDaemon 5.6.4
java_class_path (initial): C:\Users\dell pc\.gradle\wrapper\dists\gradle-5.6.4-all\ankdp27end7byghfw1q2sw75f\gradle-5.6.4\lib\gradle-launcher-5.6.4.jar
Launcher Type: SUN_STANDARD

Environment Variables:
PATH=C:\Program Files (x86)\Common Files\Oracle\Java\javapath;C:\WINDOWS\system32;C:\WINDOWS;C:\WINDOWS\System32\Wbem;C:\WINDOWS\System32\WindowsPowerShell\v1.0\;C:\Program Files\Microsoft SQL Server\110\Tools\Binn\;C:\WINDOWS\System32\OpenSSH\;C:\Program Files\TortoiseSVN\bin;C:\Program Files\Git\cmd;C:\Users\dell pc\AppData\Local\Microsoft\WindowsApps;C:\Users\dell pc\AppData\Local\GitHubDesktop\bin;%USERPROFILE%\AppData\Local\Microsoft\WindowsApps;
USERNAME=dell pc
OS=Windows_NT
PROCESSOR_IDENTIFIER=Intel64 Family 6 Model 60 Stepping 3, GenuineIntel



---------------  S Y S T E M  ---------------

OS: Windows 10.0 , 64 bit Build 19041 (10.0.19041.1023)

CPU:total 4 (initial active 4) (2 cores per cpu, 2 threads per core) family 6 model 60 stepping 3, cmov, cx8, fxsr, mmx, sse, sse2, sse3, ssse3, sse4.1, sse4.2, popcnt, avx, avx2, aes, clmul, erms, lzcnt, ht, tsc, tscinvbit, bmi1, bmi2

Memory: 4k page, physical 12499468k(2738832k free), swap 16693772k(5548k free)

vm_info: OpenJDK 64-Bit Server VM (25.242-b01) for windows-amd64 JRE (1.8.0_242-release-1644-b01), built by "builder" with MS VC++ 10.0 (VS2010)

time: Thu Aug 12 10:31:42 2021
timezone: India Standard Time
elapsed time: 93 seconds (0d 0h 1m 33s)

