#
# There is insufficient memory for the Java Runtime Environment to continue.
# Native memory allocation (malloc) failed to allocate 1298208 bytes for Chunk::new
# Possible reasons:
#   The system is out of physical RAM or swap space
#   The process is running with CompressedOops enabled, and the Java Heap may be blocking the growth of the native heap
# Possible solutions:
#   Reduce memory load on the system
#   Increase physical memory or swap space
#   Check if swap backing store is full
#   Decrease Java heap size (-Xmx/-Xms)
#   Decrease number of Java threads
#   Decrease Java thread stack sizes (-Xss)
#   Set larger code cache with -XX:ReservedCodeCacheSize=
#   JVM is running with Unscaled Compressed Oops mode in which the Java heap is
#     placed in the first 4GB address space. The Java Heap base address is the
#     maximum limit for the native heap growth. Please use -XX:HeapBaseMinAddress
#     to set the Java Heap base and to place the Java Heap above 4GB virtual address.
# This output file may be truncated or incomplete.
#
#  Out of Memory Error (allocation.cpp:389), pid=2608, tid=0x00000000000038d4
#
# JRE version: OpenJDK Runtime Environment (8.0_242-b01) (build 1.8.0_242-release-1644-b01)
# Java VM: OpenJDK 64-Bit Server VM (25.242-b01 mixed mode windows-amd64 compressed oops)
# Failed to write core dump. Minidumps are not enabled by default on client versions of Windows
#

---------------  T H R E A D  ---------------

Current thread (0x0000000016716800):  JavaThread "C2 CompilerThread0" daemon [_thread_in_native, id=14548, stack(0x0000000017d80000,0x0000000017e80000)]

Stack: [0x0000000017d80000,0x0000000017e80000]
[error occurred during error reporting (printing stack bounds), id 0xc0000005]

Native frames: (J=compiled Java code, j=interpreted, Vv=VM code, C=native code)


Current CompileTask:
C2: 153504 19653       4       com.android.tools.r8.ir.optimize.h::i (759 bytes)


---------------  P R O C E S S  ---------------

Java Threads: ( => current thread )
  0x000000001c73f800 JavaThread "Cache worker for Java compile cache (F:\NewCx App\AFMAutoCustomer\.gradle\5.6.4\javaCompile)" [_thread_blocked, id=15984, stack(0x0000000025660000,0x0000000025760000)]
  0x000000001c739800 JavaThread "Cache worker for Java compile cache (C:\Users\dell pc\.gradle\caches\5.6.4\javaCompile)" [_thread_blocked, id=13880, stack(0x0000000025000000,0x0000000025100000)]
  0x000000001ce90800 JavaThread "stdout" [_thread_in_native, id=10568, stack(0x00000000258c0000,0x00000000259c0000)]
  0x000000001ce96800 JavaThread "stderr" [_thread_in_native, id=3372, stack(0x00000000257c0000,0x00000000258c0000)]
  0x000000001ce94000 JavaThread "stdout" [_thread_in_native, id=11972, stack(0x0000000025560000,0x0000000025660000)]
  0x000000001ce95800 JavaThread "stderr" [_thread_in_native, id=12164, stack(0x0000000025460000,0x0000000025560000)]
  0x000000001ce92800 JavaThread "stdout" [_thread_in_native, id=15788, stack(0x0000000025360000,0x0000000025460000)]
  0x000000001ce95000 JavaThread "stderr" [_thread_in_native, id=8420, stack(0x0000000025260000,0x0000000025360000)]
  0x000000001ce91000 JavaThread "stdout" [_thread_in_native, id=12256, stack(0x0000000025160000,0x0000000025260000)]
  0x000000001ce8d800 JavaThread "stderr" [_thread_in_native, id=12976, stack(0x0000000024ce0000,0x0000000024de0000)]
  0x000000001ce8f800 JavaThread "pool-3-thread-1" [_thread_blocked, id=5768, stack(0x0000000024e00000,0x0000000024f00000)]
  0x000000001ce93800 JavaThread "WorkerExecutor Queue Thread 4" [_thread_in_native, id=15096, stack(0x0000000024760000,0x0000000024860000)]
  0x000000001ce88000 JavaThread "WorkerExecutor Queue Thread 3" [_thread_blocked, id=6912, stack(0x0000000024660000,0x0000000024760000)]
  0x000000001ce8f000 JavaThread "WorkerExecutor Queue Thread 2" [_thread_blocked, id=11696, stack(0x0000000024560000,0x0000000024660000)]
  0x000000001ce87800 JavaThread "WorkerExecutor Queue" [_thread_blocked, id=13916, stack(0x0000000024460000,0x0000000024560000)]
  0x000000001ce8a800 JavaThread "Cache worker for execution history cache (F:\NewCx App\AFMAutoCustomer\.gradle\5.6.4\executionHistory)" [_thread_blocked, id=5336, stack(0x0000000024160000,0x0000000024260000)]
  0x000000001ce89800 JavaThread "Execution worker for ':' Thread 3" [_thread_in_Java, id=9312, stack(0x0000000024060000,0x0000000024160000)]
  0x000000001a1e3000 JavaThread "Execution worker for ':' Thread 2" [_thread_in_vm, id=3320, stack(0x0000000023f60000,0x0000000024060000)]
  0x000000001a1e1000 JavaThread "Execution worker for ':'" [_thread_in_Java, id=13484, stack(0x00000000237f0000,0x00000000238f0000)]
  0x000000001cbdc000 JavaThread "Cache worker for file content cache (F:\NewCx App\AFMAutoCustomer\.gradle\5.6.4\fileContent)" [_thread_blocked, id=3792, stack(0x0000000023a60000,0x0000000023b60000)]
  0x000000001cbd9800 JavaThread "Cache worker for file content cache (C:\Users\dell pc\.gradle\caches\5.6.4\fileContent)" [_thread_blocked, id=9752, stack(0x0000000023960000,0x0000000023a60000)]
  0x000000001cbd9000 JavaThread "Memory manager" [_thread_blocked, id=13368, stack(0x00000000236f0000,0x00000000237f0000)]
  0x000000001cbdb000 JavaThread "Cache worker for Build Output Cleanup Cache (F:\NewCx App\AFMAutoCustomer\.gradle\buildOutputCleanup)" [_thread_blocked, id=11000, stack(0x0000000022b40000,0x0000000022c40000)]
  0x000000001cbda800 JavaThread "Build operations Thread 4" [_thread_blocked, id=10508, stack(0x0000000022a40000,0x0000000022b40000)]
  0x000000001cbd7800 JavaThread "Build operations Thread 3" [_thread_blocked, id=15304, stack(0x0000000022470000,0x0000000022570000)]
  0x000000001cbdc800 JavaThread "Build operations Thread 2" [_thread_blocked, id=16184, stack(0x0000000021d70000,0x0000000021e70000)]
  0x000000001cbd8000 JavaThread "Build operations" [_thread_blocked, id=16004, stack(0x0000000021c70000,0x0000000021d70000)]
  0x000000001cbd2000 JavaThread "Cache worker for cache directory md-rule (C:\Users\dell pc\.gradle\caches\5.6.4\md-rule)" [_thread_blocked, id=12736, stack(0x00000000218c0000,0x00000000219c0000)]
  0x000000001cbcf800 JavaThread "Cache worker for cache directory md-supplier (C:\Users\dell pc\.gradle\caches\5.6.4\md-supplier)" [_thread_blocked, id=12460, stack(0x00000000217c0000,0x00000000218c0000)]
  0x000000001cbd6800 JavaThread "Cache worker for file hash cache (F:\NewCx App\AFMAutoCustomer\.gradle\5.6.4\fileHashes)" [_thread_blocked, id=5784, stack(0x000000001ef40000,0x000000001f040000)]
  0x000000001cbd6000 JavaThread "Thread-31" [_thread_blocked, id=16036, stack(0x000000001ee40000,0x000000001ef40000)]
  0x000000001cbce000 JavaThread "Stdin handler" [_thread_blocked, id=16056, stack(0x000000001e740000,0x000000001e840000)]
  0x000000001cbd4800 JavaThread "Asynchronous log dispatcher for DefaultDaemonConnection: socket connection from /127.0.0.1:16059 to /127.0.0.1:9891" [_thread_blocked, id=6124, stack(0x000000001bfa0000,0x000000001c0a0000)]
  0x000000001cbcf000 JavaThread "Daemon worker Thread 2" [_thread_blocked, id=15508, stack(0x000000001bca0000,0x000000001bda0000)]
  0x000000001cbd3800 JavaThread "Cancel handler" [_thread_blocked, id=15292, stack(0x000000001b7a0000,0x000000001b8a0000)]
  0x000000001cbd5000 JavaThread "Handler for socket connection from /127.0.0.1:16059 to /127.0.0.1:9891" [_thread_in_native, id=10048, stack(0x0000000001140000,0x0000000001240000)]
  0x000000001cbd0800 JavaThread "Daemon Thread 2" [_thread_blocked, id=7644, stack(0x0000000001040000,0x0000000001140000)]
  0x000000001cbd1800 JavaThread "Cache worker for execution history cache (C:\Users\dell pc\.gradle\caches\5.6.4\executionHistory)" [_thread_blocked, id=5032, stack(0x0000000020240000,0x0000000020340000)]
  0x000000001a1e4000 JavaThread "Cache worker for journal cache (C:\Users\dell pc\.gradle\caches\journal-1)" [_thread_blocked, id=6136, stack(0x000000001c4a0000,0x000000001c5a0000)]
  0x000000001a1e1800 JavaThread "File lock request listener" [_thread_in_native, id=14420, stack(0x000000001c3a0000,0x000000001c4a0000)]
  0x00000000186d5000 JavaThread "Cache worker for file hash cache (C:\Users\dell pc\.gradle\caches\5.6.4\fileHashes)" [_thread_blocked, id=2324, stack(0x000000001c2a0000,0x000000001c3a0000)]
  0x000000001a0bc000 JavaThread "Daemon periodic checks" [_thread_blocked, id=4804, stack(0x000000001b6a0000,0x000000001b7a0000)]
  0x0000000019b16000 JavaThread "Incoming local TCP Connector on port 16059" [_thread_in_native, id=14368, stack(0x000000001b460000,0x000000001b560000)]
  0x0000000019d79000 JavaThread "Daemon health stats" [_thread_blocked, id=13272, stack(0x000000001ae20000,0x000000001af20000)]
  0x00000000180a8800 JavaThread "Service Thread" daemon [_thread_blocked, id=11776, stack(0x0000000018480000,0x0000000018580000)]
  0x000000001672b000 JavaThread "C1 CompilerThread2" daemon [_thread_blocked, id=15820, stack(0x0000000017f80000,0x0000000018080000)]
  0x0000000016719800 JavaThread "C2 CompilerThread1" daemon [_thread_in_native, id=12568, stack(0x0000000017e80000,0x0000000017f80000)]
=>0x0000000016716800 JavaThread "C2 CompilerThread0" daemon [_thread_in_native, id=14548, stack(0x0000000017d80000,0x0000000017e80000)]
  0x0000000016715800 JavaThread "Attach Listener" daemon [_thread_blocked, id=3148, stack(0x0000000017c80000,0x0000000017d80000)]
  0x0000000016714000 JavaThread "Signal Dispatcher" daemon [_thread_blocked, id=8960, stack(0x0000000017b80000,0x0000000017c80000)]
  0x0000000002d9c000 JavaThread "Finalizer" daemon [_thread_blocked, id=6152, stack(0x0000000017980000,0x0000000017a80000)]
  0x00000000166f9000 JavaThread "Reference Handler" daemon [_thread_blocked, id=5296, stack(0x0000000017880000,0x0000000017980000)]
  0x000000000128e000 JavaThread "main" [_thread_blocked, id=10860, stack(0x0000000002ba0000,0x0000000002ca0000)]

Other Threads:
  0x00000000166d5800 VMThread [stack: 0x0000000017780000,0x0000000017880000] [id=13124]
  0x00000000180a9000 WatcherThread [stack: 0x0000000018580000,0x0000000018680000] [id=12544]

VM state:not at safepoint (normal execution)

VM Mutex/Monitor currently owned by a thread: None

heap address: 0x00000000a0000000, size: 1536 MB, Compressed Oops mode: 32-bit
Narrow klass base: 0x0000000000000000, Narrow klass shift: 3
Compressed class space size: 1073741824 Address: 0x0000000100000000

Heap:
 PSYoungGen      total 462848K, used 112667K [0x00000000e0000000, 0x0000000100000000, 0x0000000100000000)
  eden space 402432K, 23% used [0x00000000e0000000,0x00000000e5ceda60,0x00000000f8900000)
  from space 60416K, 28% used [0x00000000fc500000,0x00000000fd619450,0x0000000100000000)
  to   space 60928K, 0% used [0x00000000f8900000,0x00000000f8900000,0x00000000fc480000)
 ParOldGen       total 286720K, used 196646K [0x00000000a0000000, 0x00000000b1800000, 0x00000000e0000000)
  object space 286720K, 68% used [0x00000000a0000000,0x00000000ac009bb0,0x00000000b1800000)
 Metaspace       used 90831K, capacity 94900K, committed 95128K, reserved 1132544K
  class space    used 11670K, capacity 12605K, committed 12712K, reserved 1048576K

Card table byte_map: [0x0000000012160000,0x0000000012470000] byte_map_base: 0x0000000011c60000

Marking Bits: (ParMarkBitMap*) 0x000000005904f030
 Begin Bits: [0x0000000012a70000, 0x0000000014270000)
 End Bits:   [0x0000000014270000, 0x0000000015a70000)

Polling page: 0x00000000012d0000

CodeCache: size=245760Kb used=57813Kb max_used=57813Kb free=187947Kb
 bounds [0x0000000002da0000, 0x0000000006650000, 0x0000000011da0000]
 total_blobs=17102 nmethods=16232 adapters=779
 compilation: enabled

Compilation events (10 events):
Event: 153.486 Thread 0x000000001672b000 19775       2       com.android.tools.r8.u.b.z::a (27 bytes)
Event: 153.486 Thread 0x000000001672b000 nmethod 19775 0x0000000006649b50 code [0x0000000006649cc0, 0x0000000006649e98]
Event: 153.489 Thread 0x000000001672b000 19776       2       com.google.common.io.Closer::create (11 bytes)
Event: 153.490 Thread 0x000000001672b000 nmethod 19776 0x0000000006649f90 code [0x000000000664a100, 0x000000000664a3e8]
Event: 153.490 Thread 0x000000001672b000 19777       2       com.google.common.io.Closer::<init> (28 bytes)
Event: 153.490 Thread 0x000000001672b000 nmethod 19777 0x000000000664a550 code [0x000000000664a6c0, 0x000000000664aa18]
Event: 153.490 Thread 0x000000001672b000 19778   !   2       com.google.common.io.Closer::close (91 bytes)
Event: 153.491 Thread 0x000000001672b000 nmethod 19778 0x000000000664abd0 code [0x000000000664ada0, 0x000000000664b1f8]
Event: 153.495 Thread 0x000000001672b000 19779       2       com.android.builder.merge.LazyIncrementalFileMergerInput::lambda$new$2 (79 bytes)
Event: 153.497 Thread 0x000000001672b000 nmethod 19779 0x000000000664b490 code [0x000000000664b6a0, 0x000000000664be88]

GC Heap History (10 events):
Event: 140.537 GC heap before
{Heap before GC invocations=18 (full 3):
 PSYoungGen      total 398848K, used 390330K [0x00000000e0000000, 0x00000000fb400000, 0x0000000100000000)
  eden space 370688K, 100% used [0x00000000e0000000,0x00000000f6a00000,0x00000000f6a00000)
  from space 28160K, 69% used [0x00000000f9880000,0x00000000fabae968,0x00000000fb400000)
  to   space 37888K, 0% used [0x00000000f6a00000,0x00000000f6a00000,0x00000000f8f00000)
 ParOldGen       total 143872K, used 80803K [0x00000000a0000000, 0x00000000a8c80000, 0x00000000e0000000)
  object space 143872K, 56% used [0x00000000a0000000,0x00000000a4ee8f60,0x00000000a8c80000)
 Metaspace       used 78001K, capacity 80706K, committed 80920K, reserved 1120256K
  class space    used 10060K, capacity 10720K, committed 10792K, reserved 1048576K
Event: 140.612 GC heap after
Heap after GC invocations=18 (full 3):
 PSYoungGen      total 408576K, used 37877K [0x00000000e0000000, 0x0000000100000000, 0x0000000100000000)
  eden space 370688K, 0% used [0x00000000e0000000,0x00000000e0000000,0x00000000f6a00000)
  from space 37888K, 99% used [0x00000000f6a00000,0x00000000f8efd628,0x00000000f8f00000)
  to   space 56320K, 0% used [0x00000000fc900000,0x00000000fc900000,0x0000000100000000)
 ParOldGen       total 143872K, used 114477K [0x00000000a0000000, 0x00000000a8c80000, 0x00000000e0000000)
  object space 143872K, 79% used [0x00000000a0000000,0x00000000a6fcb6d0,0x00000000a8c80000)
 Metaspace       used 78001K, capacity 80706K, committed 80920K, reserved 1120256K
  class space    used 10060K, capacity 10720K, committed 10792K, reserved 1048576K
}
Event: 140.612 GC heap before
{Heap before GC invocations=19 (full 4):
 PSYoungGen      total 408576K, used 37877K [0x00000000e0000000, 0x0000000100000000, 0x0000000100000000)
  eden space 370688K, 0% used [0x00000000e0000000,0x00000000e0000000,0x00000000f6a00000)
  from space 37888K, 99% used [0x00000000f6a00000,0x00000000f8efd628,0x00000000f8f00000)
  to   space 56320K, 0% used [0x00000000fc900000,0x00000000fc900000,0x0000000100000000)
 ParOldGen       total 143872K, used 114477K [0x00000000a0000000, 0x00000000a8c80000, 0x00000000e0000000)
  object space 143872K, 79% used [0x00000000a0000000,0x00000000a6fcb6d0,0x00000000a8c80000)
 Metaspace       used 78001K, capacity 80706K, committed 80920K, reserved 1120256K
  class space    used 10060K, capacity 10720K, committed 10792K, reserved 1048576K
Event: 141.011 GC heap after
Heap after GC invocations=19 (full 4):
 PSYoungGen      total 408576K, used 0K [0x00000000e0000000, 0x0000000100000000, 0x0000000100000000)
  eden space 370688K, 0% used [0x00000000e0000000,0x00000000e0000000,0x00000000f6a00000)
  from space 37888K, 0% used [0x00000000f6a00000,0x00000000f6a00000,0x00000000f8f00000)
  to   space 56320K, 0% used [0x00000000fc900000,0x00000000fc900000,0x0000000100000000)
 ParOldGen       total 286720K, used 131479K [0x00000000a0000000, 0x00000000b1800000, 0x00000000e0000000)
  object space 286720K, 45% used [0x00000000a0000000,0x00000000a8065d88,0x00000000b1800000)
 Metaspace       used 77954K, capacity 80572K, committed 80920K, reserved 1120256K
  class space    used 10045K, capacity 10693K, committed 10792K, reserved 1048576K
}
Event: 147.261 GC heap before
{Heap before GC invocations=20 (full 4):
 PSYoungGen      total 408576K, used 370688K [0x00000000e0000000, 0x0000000100000000, 0x0000000100000000)
  eden space 370688K, 100% used [0x00000000e0000000,0x00000000f6a00000,0x00000000f6a00000)
  from space 37888K, 0% used [0x00000000f6a00000,0x00000000f6a00000,0x00000000f8f00000)
  to   space 56320K, 0% used [0x00000000fc900000,0x00000000fc900000,0x0000000100000000)
 ParOldGen       total 286720K, used 131479K [0x00000000a0000000, 0x00000000b1800000, 0x00000000e0000000)
  object space 286720K, 45% used [0x00000000a0000000,0x00000000a8065d88,0x00000000b1800000)
 Metaspace       used 79922K, capacity 82532K, committed 82840K, reserved 1122304K
  class space    used 10186K, capacity 10855K, committed 10920K, reserved 1048576K
Event: 147.319 GC heap after
Heap after GC invocations=20 (full 4):
 PSYoungGen      total 468480K, used 29647K [0x00000000e0000000, 0x0000000100000000, 0x0000000100000000)
  eden space 412160K, 0% used [0x00000000e0000000,0x00000000e0000000,0x00000000f9280000)
  from space 56320K, 52% used [0x00000000fc900000,0x00000000fe5f3cb0,0x0000000100000000)
  to   space 55808K, 0% used [0x00000000f9280000,0x00000000f9280000,0x00000000fc900000)
 ParOldGen       total 286720K, used 131479K [0x00000000a0000000, 0x00000000b1800000, 0x00000000e0000000)
  object space 286720K, 45% used [0x00000000a0000000,0x00000000a8065d88,0x00000000b1800000)
 Metaspace       used 79922K, capacity 82532K, committed 82840K, reserved 1122304K
  class space    used 10186K, capacity 10855K, committed 10920K, reserved 1048576K
}
Event: 150.694 GC heap before
{Heap before GC invocations=21 (full 4):
 PSYoungGen      total 468480K, used 441807K [0x00000000e0000000, 0x0000000100000000, 0x0000000100000000)
  eden space 412160K, 100% used [0x00000000e0000000,0x00000000f9280000,0x00000000f9280000)
  from space 56320K, 52% used [0x00000000fc900000,0x00000000fe5f3cb0,0x0000000100000000)
  to   space 55808K, 0% used [0x00000000f9280000,0x00000000f9280000,0x00000000fc900000)
 ParOldGen       total 286720K, used 131479K [0x00000000a0000000, 0x00000000b1800000, 0x00000000e0000000)
  object space 286720K, 45% used [0x00000000a0000000,0x00000000a8065d88,0x00000000b1800000)
 Metaspace       used 89832K, capacity 93770K, committed 93976K, reserved 1130496K
  class space    used 11593K, capacity 12518K, committed 12584K, reserved 1048576K
Event: 150.782 GC heap after
Heap after GC invocations=21 (full 4):
 PSYoungGen      total 463872K, used 51656K [0x00000000e0000000, 0x0000000100000000, 0x0000000100000000)
  eden space 412160K, 0% used [0x00000000e0000000,0x00000000e0000000,0x00000000f9280000)
  from space 51712K, 99% used [0x00000000f9280000,0x00000000fc4f21a0,0x00000000fc500000)
  to   space 60416K, 0% used [0x00000000fc500000,0x00000000fc500000,0x0000000100000000)
 ParOldGen       total 286720K, used 160310K [0x00000000a0000000, 0x00000000b1800000, 0x00000000e0000000)
  object space 286720K, 55% used [0x00000000a0000000,0x00000000a9c8db98,0x00000000b1800000)
 Metaspace       used 89832K, capacity 93770K, committed 93976K, reserved 1130496K
  class space    used 11593K, capacity 12518K, committed 12584K, reserved 1048576K
}
Event: 153.003 GC heap before
{Heap before GC invocations=22 (full 4):
 PSYoungGen      total 463872K, used 463816K [0x00000000e0000000, 0x0000000100000000, 0x0000000100000000)
  eden space 412160K, 100% used [0x00000000e0000000,0x00000000f9280000,0x00000000f9280000)
  from space 51712K, 99% used [0x00000000f9280000,0x00000000fc4f21a0,0x00000000fc500000)
  to   space 60416K, 0% used [0x00000000fc500000,0x00000000fc500000,0x0000000100000000)
 ParOldGen       total 286720K, used 160310K [0x00000000a0000000, 0x00000000b1800000, 0x00000000e0000000)
  object space 286720K, 55% used [0x00000000a0000000,0x00000000a9c8db98,0x00000000b1800000)
 Metaspace       used 90707K, capacity 94704K, committed 94744K, reserved 1132544K
  class space    used 11651K, capacity 12565K, committed 12584K, reserved 1048576K
Event: 153.090 GC heap after
Heap after GC invocations=22 (full 4):
 PSYoungGen      total 462848K, used 17509K [0x00000000e0000000, 0x0000000100000000, 0x0000000100000000)
  eden space 402432K, 0% used [0x00000000e0000000,0x00000000e0000000,0x00000000f8900000)
  from space 60416K, 28% used [0x00000000fc500000,0x00000000fd619450,0x0000000100000000)
  to   space 60928K, 0% used [0x00000000f8900000,0x00000000f8900000,0x00000000fc480000)
 ParOldGen       total 286720K, used 196646K [0x00000000a0000000, 0x00000000b1800000, 0x00000000e0000000)
  object space 286720K, 68% used [0x00000000a0000000,0x00000000ac009bb0,0x00000000b1800000)
 Metaspace       used 90707K, capacity 94704K, committed 94744K, reserved 1132544K
  class space    used 11651K, capacity 12565K, committed 12584K, reserved 1048576K
}

Deoptimization events (10 events):
Event: 151.634 Thread 0x000000001ce89800 Uncommon trap: reason=bimorphic action=maybe_recompile pc=0x00000000063c20c4 method=com.android.tools.r8.ir.analysis.type.k.r()Z @ 36
Event: 151.657 Thread 0x000000001a1e3000 Uncommon trap: reason=unstable_if action=reinterpret pc=0x00000000051a31e8 method=com.android.tools.r8.u.a.h.e.b(Lcom/android/tools/r8/u/b/d0;)V @ 360
Event: 151.757 Thread 0x000000001a1e1000 Uncommon trap: reason=array_check action=maybe_recompile pc=0x0000000004ed3ff8 method=java.util.TimSort.binarySort([Ljava/lang/Object;IIILjava/util/Comparator;)V @ 215
Event: 151.926 Thread 0x000000001a1e1000 Uncommon trap: reason=array_check action=maybe_recompile pc=0x0000000004ed3ff8 method=java.util.TimSort.binarySort([Ljava/lang/Object;IIILjava/util/Comparator;)V @ 215
Event: 151.926 Thread 0x000000001a1e1000 Uncommon trap: reason=array_check action=maybe_recompile pc=0x0000000004c928ec method=java.util.TimSort.binarySort([Ljava/lang/Object;IIILjava/util/Comparator;)V @ 215
Event: 151.929 Thread 0x000000001a1e1000 Uncommon trap: reason=unstable_if action=reinterpret pc=0x0000000003029768 method=java.util.Arrays.equals([Ljava/lang/Object;[Ljava/lang/Object;)Z @ 47
Event: 152.110 Thread 0x000000001ce89800 Uncommon trap: reason=bimorphic action=maybe_recompile pc=0x0000000005e60754 method=com.android.tools.r8.u.b.i1.a(Lcom/android/tools/r8/ir/analysis/type/k;)Lcom/android/tools/r8/u/b/i1; @ 23
Event: 152.559 Thread 0x000000001a1e1000 Uncommon trap: reason=unstable_if action=reinterpret pc=0x00000000063e8dd4 method=com.android.tools.r8.B.a.a.f.a(Lcom/android/tools/r8/B/a/a/h;[Lcom/android/tools/r8/B/a/a/d;I)V @ 1963
Event: 152.729 Thread 0x000000001a1e1000 Uncommon trap: reason=unstable_if action=reinterpret pc=0x00000000064ec928 method=com.android.tools.r8.v.a.a.a.f.e.equals(Ljava/lang/Object;)Z @ 33
Event: 153.193 Thread 0x000000001ce89800 Uncommon trap: reason=unstable_if action=reinterpret pc=0x00000000065f7a88 method=com.android.tools.r8.u.c.M.a(ILcom/android/tools/r8/u/b/j1;Lcom/android/tools/r8/u/b/l;Lcom/android/tools/r8/u/b/l$c;Lcom/android/tools/r8/u/b/M0$a;)Lcom/android/tools/r8/u/

Classes redefined (0 events):
No events

Internal exceptions (10 events):
Event: 150.136 Thread 0x000000001ce89800 Exception <a 'sun/nio/fs/WindowsException'> (0x00000000f36642f0) thrown at [C:\src\AOSP-openjdk-git\hotspot\src\share\vm\prims\jni.cpp, line 710]
Event: 150.483 Thread 0x000000001a1e1000 Exception <a 'sun/nio/fs/WindowsException'> (0x00000000f6ebe398) thrown at [C:\src\AOSP-openjdk-git\hotspot\src\share\vm\prims\jni.cpp, line 710]
Event: 150.793 Thread 0x0000000002d9c000 Implicit null exception at 0x000000000323e69f to 0x000000000323ece1
Event: 150.882 Thread 0x000000001a1e3000 Exception <a 'sun/nio/fs/WindowsException'> (0x00000000e08b9c88) thrown at [C:\src\AOSP-openjdk-git\hotspot\src\share\vm\prims\jni.cpp, line 710]
Event: 151.159 Thread 0x000000001a1e1000 Exception <a 'sun/nio/fs/WindowsException'> (0x00000000e2826ff0) thrown at [C:\src\AOSP-openjdk-git\hotspot\src\share\vm\prims\jni.cpp, line 710]
Event: 151.232 Thread 0x000000001a1e1000 Exception <a 'sun/nio/fs/WindowsException'> (0x00000000e2fee7c8) thrown at [C:\src\AOSP-openjdk-git\hotspot\src\share\vm\prims\jni.cpp, line 710]
Event: 151.344 Thread 0x000000001a1e3000 Exception <a 'sun/nio/fs/WindowsException'> (0x00000000e4396a00) thrown at [C:\src\AOSP-openjdk-git\hotspot\src\share\vm\prims\jni.cpp, line 710]
Event: 151.814 Thread 0x000000001a1e1000 Exception <a 'sun/nio/fs/WindowsException'> (0x00000000e9aef598) thrown at [C:\src\AOSP-openjdk-git\hotspot\src\share\vm\prims\jni.cpp, line 710]
Event: 151.933 Thread 0x000000001a1e1000 Exception <a 'sun/nio/fs/WindowsException'> (0x00000000eaa1c088) thrown at [C:\src\AOSP-openjdk-git\hotspot\src\share\vm\prims\jni.cpp, line 710]
Event: 152.431 Thread 0x000000001a1e1000 Exception <a 'sun/nio/fs/WindowsException'> (0x00000000f2254658) thrown at [C:\src\AOSP-openjdk-git\hotspot\src\share\vm\prims\jni.cpp, line 710]

Events (10 events):
Event: 153.300 loading class com/android/tools/r8/s/a/a/a/P
Event: 153.300 loading class com/android/tools/r8/s/a/a/a/P done
Event: 153.302 loading class com/android/tools/r8/v/a/a/a/f/V0
Event: 153.302 loading class com/android/tools/r8/v/a/a/a/f/V0 done
Event: 153.371 Thread 0x000000001a1e1000 DEOPT PACKING pc=0x0000000006021dea sp=0x00000000238ea770
Event: 153.371 Thread 0x000000001a1e1000 DEOPT UNPACKING pc=0x0000000002de75d0 sp=0x00000000238ea8b0 mode 0
Event: 153.403 Thread 0x000000001a1e1000 DEOPT PACKING pc=0x00000000055b4fe4 sp=0x00000000238eac50
Event: 153.403 Thread 0x000000001a1e1000 DEOPT UNPACKING pc=0x0000000002de75d0 sp=0x00000000238eab38 mode 0
Event: 153.483 Thread 0x000000001a1e1000 DEOPT PACKING pc=0x0000000005d9a267 sp=0x00000000238eac20
Event: 153.483 Thread 0x000000001a1e1000 DEOPT UNPACKING pc=0x0000000002de75d0 sp=0x00000000238ea940 mode 0


Dynamic libraries:
0x00007ff75b3b0000 - 0x00007ff75b3e1000 	F:\android-studio-ide-192.5916306-windows\android-studio\jre\bin\java.exe
0x00007ffa2fc50000 - 0x00007ffa2fe45000 	C:\WINDOWS\SYSTEM32\ntdll.dll
0x00007ffa2fb50000 - 0x00007ffa2fc0d000 	C:\WINDOWS\System32\KERNEL32.DLL
0x00007ffa2d870000 - 0x00007ffa2db39000 	C:\WINDOWS\System32\KERNELBASE.dll
0x00007ffa2f070000 - 0x00007ffa2f11c000 	C:\WINDOWS\System32\ADVAPI32.dll
0x00007ffa2f640000 - 0x00007ffa2f6de000 	C:\WINDOWS\System32\msvcrt.dll
0x00007ffa2f3f0000 - 0x00007ffa2f48b000 	C:\WINDOWS\System32\sechost.dll
0x00007ffa2ee20000 - 0x00007ffa2ef4a000 	C:\WINDOWS\System32\RPCRT4.dll
0x00007ffa2ec80000 - 0x00007ffa2ee20000 	C:\WINDOWS\System32\USER32.dll
0x00007ffa2d7e0000 - 0x00007ffa2d802000 	C:\WINDOWS\System32\win32u.dll
0x00007ffa2f120000 - 0x00007ffa2f14a000 	C:\WINDOWS\System32\GDI32.dll
0x00007ffa2d390000 - 0x00007ffa2d49b000 	C:\WINDOWS\System32\gdi32full.dll
0x00007ffa2d4a0000 - 0x00007ffa2d53d000 	C:\WINDOWS\System32\msvcp_win.dll
0x00007ffa2dbc0000 - 0x00007ffa2dcc0000 	C:\WINDOWS\System32\ucrtbase.dll
0x00007ffa1ee70000 - 0x00007ffa1f10a000 	C:\WINDOWS\WinSxS\amd64_microsoft.windows.common-controls_6595b64144ccf1df_6.0.19041.1110_none_60b5254171f9507e\COMCTL32.dll
0x00007ffa2e260000 - 0x00007ffa2e290000 	C:\WINDOWS\System32\IMM32.DLL
0x0000000059cd0000 - 0x0000000059da2000 	F:\android-studio-ide-192.5916306-windows\android-studio\jre\jre\bin\msvcr100.dll
0x0000000058880000 - 0x00000000590cb000 	F:\android-studio-ide-192.5916306-windows\android-studio\jre\jre\bin\server\jvm.dll
0x00007ffa2dd20000 - 0x00007ffa2dd28000 	C:\WINDOWS\System32\PSAPI.DLL
0x00007ffa2ac20000 - 0x00007ffa2ac29000 	C:\WINDOWS\SYSTEM32\WSOCK32.dll
0x00007ffa2ec10000 - 0x00007ffa2ec7b000 	C:\WINDOWS\System32\WS2_32.dll
0x00007ffa20ca0000 - 0x00007ffa20cc7000 	C:\WINDOWS\SYSTEM32\WINMM.dll
0x00007ffa26730000 - 0x00007ffa2673a000 	C:\WINDOWS\SYSTEM32\VERSION.dll
0x00007ffa2a2a0000 - 0x00007ffa2a2af000 	F:\android-studio-ide-192.5916306-windows\android-studio\jre\jre\bin\verify.dll
0x00007ffa263d0000 - 0x00007ffa263f9000 	F:\android-studio-ide-192.5916306-windows\android-studio\jre\jre\bin\java.dll
0x00007ffa285e0000 - 0x00007ffa285f6000 	F:\android-studio-ide-192.5916306-windows\android-studio\jre\jre\bin\zip.dll
0x00007ffa2e3a0000 - 0x00007ffa2eadf000 	C:\WINDOWS\System32\SHELL32.dll
0x00007ffa2b4e0000 - 0x00007ffa2bc71000 	C:\WINDOWS\SYSTEM32\windows.storage.dll
0x00007ffa2de70000 - 0x00007ffa2e1c5000 	C:\WINDOWS\System32\combase.dll
0x00007ffa2cd30000 - 0x00007ffa2cd5c000 	C:\WINDOWS\SYSTEM32\Wldp.dll
0x00007ffa2f340000 - 0x00007ffa2f3ee000 	C:\WINDOWS\System32\SHCORE.dll
0x00007ffa2dcc0000 - 0x00007ffa2dd15000 	C:\WINDOWS\System32\shlwapi.dll
0x00007ffa2d2d0000 - 0x00007ffa2d2ef000 	C:\WINDOWS\SYSTEM32\profapi.dll
0x00007ffa236c0000 - 0x00007ffa236da000 	F:\android-studio-ide-192.5916306-windows\android-studio\jre\jre\bin\net.dll
0x00007ffa2ca90000 - 0x00007ffa2cafa000 	C:\WINDOWS\system32\mswsock.dll
0x00007ffa236a0000 - 0x00007ffa236b3000 	F:\android-studio-ide-192.5916306-windows\android-studio\jre\jre\bin\nio.dll
0x00007ffa10630000 - 0x00007ffa10656000 	C:\Users\dell pc\.gradle\native\30\windows-amd64\native-platform.dll
0x00007ffa263c0000 - 0x00007ffa263cd000 	F:\android-studio-ide-192.5916306-windows\android-studio\jre\jre\bin\management.dll
0x00007ffa2cc70000 - 0x00007ffa2cc88000 	C:\WINDOWS\SYSTEM32\CRYPTSP.dll
0x00007ffa2c430000 - 0x00007ffa2c464000 	C:\WINDOWS\system32\rsaenh.dll
0x00007ffa2db40000 - 0x00007ffa2db67000 	C:\WINDOWS\System32\bcrypt.dll
0x00007ffa2d1e0000 - 0x00007ffa2d20e000 	C:\WINDOWS\SYSTEM32\USERENV.dll
0x00007ffa2d750000 - 0x00007ffa2d7d3000 	C:\WINDOWS\System32\bcryptprimitives.dll
0x00007ffa2cc90000 - 0x00007ffa2cc9c000 	C:\WINDOWS\SYSTEM32\CRYPTBASE.dll
0x00007ffa2c780000 - 0x00007ffa2c7bb000 	C:\WINDOWS\SYSTEM32\IPHLPAPI.DLL
0x00007ffa2e390000 - 0x00007ffa2e398000 	C:\WINDOWS\System32\NSI.dll
0x00007ffa27350000 - 0x00007ffa27367000 	C:\WINDOWS\SYSTEM32\dhcpcsvc6.DLL
0x00007ffa283e0000 - 0x00007ffa283fd000 	C:\WINDOWS\SYSTEM32\dhcpcsvc.DLL
0x00007ffa2c7c0000 - 0x00007ffa2c88c000 	C:\WINDOWS\SYSTEM32\DNSAPI.dll

VM Arguments:
jvm_args: -Xmx1536m -Dfile.encoding=windows-1252 -Duser.country=IN -Duser.language=en -Duser.variant 
java_command: org.gradle.launcher.daemon.bootstrap.GradleDaemon 5.6.4
java_class_path (initial): C:\Users\dell pc\.gradle\wrapper\dists\gradle-5.6.4-all\ankdp27end7byghfw1q2sw75f\gradle-5.6.4\lib\gradle-launcher-5.6.4.jar
Launcher Type: SUN_STANDARD

Environment Variables:
PATH=C:\Program Files (x86)\Common Files\Oracle\Java\javapath;C:\WINDOWS\system32;C:\WINDOWS;C:\WINDOWS\System32\Wbem;C:\WINDOWS\System32\WindowsPowerShell\v1.0\;C:\Program Files\Microsoft SQL Server\110\Tools\Binn\;C:\WINDOWS\System32\OpenSSH\;C:\Program Files\TortoiseSVN\bin;C:\Program Files\Git\cmd;C:\Users\dell pc\AppData\Local\Microsoft\WindowsApps;C:\Users\dell pc\AppData\Local\GitHubDesktop\bin;%USERPROFILE%\AppData\Local\Microsoft\WindowsApps;
USERNAME=dell pc
OS=Windows_NT
PROCESSOR_IDENTIFIER=Intel64 Family 6 Model 60 Stepping 3, GenuineIntel



---------------  S Y S T E M  ---------------

OS: Windows 10.0 , 64 bit Build 19041 (10.0.19041.1023)

CPU:total 4 (initial active 4) (2 cores per cpu, 2 threads per core) family 6 model 60 stepping 3, cmov, cx8, fxsr, mmx, sse, sse2, sse3, ssse3, sse4.1, sse4.2, popcnt, avx, avx2, aes, clmul, erms, lzcnt, ht, tsc, tscinvbit, bmi1, bmi2

Memory: 4k page, physical 12499468k(2770504k free), swap 16693772k(5700k free)

vm_info: OpenJDK 64-Bit Server VM (25.242-b01) for windows-amd64 JRE (1.8.0_242-release-1644-b01), built by "builder" with MS VC++ 10.0 (VS2010)

time: Thu Aug 12 10:34:52 2021
timezone: India Standard Time
elapsed time: 153 seconds (0d 0h 2m 33s)

