#
# There is insufficient memory for the Java Runtime Environment to continue.
# Native memory allocation (malloc) failed to allocate 65552 bytes for Chunk::new
# Possible reasons:
#   The system is out of physical RAM or swap space
#   The process is running with CompressedOops enabled, and the Java Heap may be blocking the growth of the native heap
# Possible solutions:
#   Reduce memory load on the system
#   Increase physical memory or swap space
#   Check if swap backing store is full
#   Decrease Java heap size (-Xmx/-Xms)
#   Decrease number of Java threads
#   Decrease Java thread stack sizes (-Xss)
#   Set larger code cache with -XX:ReservedCodeCacheSize=
#   JVM is running with Unscaled Compressed Oops mode in which the Java heap is
#     placed in the first 4GB address space. The Java Heap base address is the
#     maximum limit for the native heap growth. Please use -XX:HeapBaseMinAddress
#     to set the Java Heap base and to place the Java Heap above 4GB virtual address.
# This output file may be truncated or incomplete.
#
#  Out of Memory Error (allocation.cpp:389), pid=3040, tid=0x0000000000000f2c
#
# JRE version: OpenJDK Runtime Environment (8.0_242-b01) (build 1.8.0_242-release-1644-b01)
# Java VM: OpenJDK 64-Bit Server VM (25.242-b01 mixed mode windows-amd64 compressed oops)
# Failed to write core dump. Minidumps are not enabled by default on client versions of Windows
#

---------------  T H R E A D  ---------------

Current thread (0x00000000169d9000):  JavaThread "C2 CompilerThread1" daemon [_thread_in_native, id=3884, stack(0x0000000018130000,0x0000000018230000)]

Stack: [0x0000000018130000,0x0000000018230000]
[error occurred during error reporting (printing stack bounds), id 0xc0000005]

Native frames: (J=compiled Java code, j=interpreted, Vv=VM code, C=native code)


Current CompileTask:
C2:3380437 21137       4       org.gradle.internal.logging.sink.LogEventDispatcher::onOutput (60 bytes)


---------------  P R O C E S S  ---------------

Java Threads: ( => current thread )
  0x0000000020f59800 JavaThread "stdout" [_thread_in_native, id=15732, stack(0x000000002f630000,0x000000002f730000)]
  0x0000000020f59000 JavaThread "stderr" [_thread_in_native, id=13804, stack(0x000000002f530000,0x000000002f630000)]
  0x000000001a50f000 JavaThread "stdout" [_thread_in_native, id=7872, stack(0x000000002f430000,0x000000002f530000)]
  0x000000001a515000 JavaThread "stderr" [_thread_in_native, id=11000, stack(0x000000002f330000,0x000000002f430000)]
  0x000000001a512000 JavaThread "stdout" [_thread_in_native, id=10048, stack(0x000000002efd0000,0x000000002f0d0000)]
  0x0000000020312800 JavaThread "stderr" [_thread_in_native, id=7644, stack(0x000000002f230000,0x000000002f330000)]
  0x0000000020311800 JavaThread "stdout" [_thread_in_native, id=12064, stack(0x000000002f130000,0x000000002f230000)]
  0x0000000020310000 JavaThread "stderr" [_thread_in_native, id=14784, stack(0x000000002ebc0000,0x000000002ecc0000)]
  0x000000002030f800 JavaThread "pool-4-thread-1" [_thread_blocked, id=4816, stack(0x000000002eac0000,0x000000002ebc0000)]
  0x0000000020311000 JavaThread "WorkerExecutor Queue Thread 4" [_thread_blocked, id=5956, stack(0x000000002eed0000,0x000000002efd0000)]
  0x0000000020308000 JavaThread "WorkerExecutor Queue Thread 3" [_thread_blocked, id=5632, stack(0x00000000289f0000,0x0000000028af0000)]
  0x000000002030e000 JavaThread "WorkerExecutor Queue Thread 2" [_thread_blocked, id=16160, stack(0x000000002b400000,0x000000002b500000)]
  0x0000000020307000 JavaThread "WorkerExecutor Queue" [_thread_blocked, id=14044, stack(0x0000000028b00000,0x0000000028c00000)]
  0x0000000020305800 JavaThread "Cache worker for execution history cache (F:\NewCx App\AFMAutoCustomer\.gradle\5.6.4\executionHistory)" [_thread_blocked, id=15064, stack(0x000000002a2b0000,0x000000002a3b0000)]
  0x00000000277a5000 JavaThread "Execution worker for ':' Thread 3" [_thread_in_Java, id=3312, stack(0x0000000028d00000,0x0000000028e00000)]
  0x00000000277a2000 JavaThread "Execution worker for ':' Thread 2" [_thread_blocked, id=13720, stack(0x0000000028c00000,0x0000000028d00000)]
  0x00000000277a2800 JavaThread "Execution worker for ':'" [_thread_in_native, id=3764, stack(0x0000000026700000,0x0000000026800000)]
  0x00000000277a4000 JavaThread "Cache worker for file content cache (F:\NewCx App\AFMAutoCustomer\.gradle\5.6.4\fileContent)" [_thread_blocked, id=12248, stack(0x0000000023f80000,0x0000000024080000)]
  0x00000000277a8000 JavaThread "Cache worker for Build Output Cleanup Cache (F:\NewCx App\AFMAutoCustomer\.gradle\buildOutputCleanup)" [_thread_blocked, id=12352, stack(0x0000000023a40000,0x0000000023b40000)]
  0x00000000277a3800 JavaThread "Build operations Thread 4" [_thread_blocked, id=6456, stack(0x00000000234f0000,0x00000000235f0000)]
  0x00000000277a0800 JavaThread "Build operations Thread 3" [_thread_blocked, id=6044, stack(0x00000000227b0000,0x00000000228b0000)]
  0x00000000277a5800 JavaThread "Build operations Thread 2" [_thread_blocked, id=2888, stack(0x00000000220b0000,0x00000000221b0000)]
  0x00000000277a7000 JavaThread "Build operations" [_thread_blocked, id=15240, stack(0x0000000021fb0000,0x00000000220b0000)]
  0x00000000277a1000 JavaThread "Cache worker for cache directory md-rule (C:\Users\dell pc\.gradle\caches\5.6.4\md-rule)" [_thread_blocked, id=12552, stack(0x000000001f2b0000,0x000000001f3b0000)]
  0x00000000277a6800 JavaThread "Cache worker for cache directory md-supplier (C:\Users\dell pc\.gradle\caches\5.6.4\md-supplier)" [_thread_blocked, id=14820, stack(0x000000001ecf0000,0x000000001edf0000)]
  0x0000000027799000 JavaThread "Cache worker for file hash cache (F:\NewCx App\AFMAutoCustomer\.gradle\5.6.4\fileHashes)" [_thread_blocked, id=13280, stack(0x000000001ebf0000,0x000000001ecf0000)]
  0x000000002779f800 JavaThread "Thread-39" [_thread_blocked, id=5012, stack(0x000000001c250000,0x000000001c350000)]
  0x000000002779d800 JavaThread "Stdin handler" [_thread_blocked, id=15572, stack(0x000000001c150000,0x000000001c250000)]
  0x000000002779c000 JavaThread "Asynchronous log dispatcher for DefaultDaemonConnection: socket connection from /127.0.0.1:1069 to /127.0.0.1:16010" [_thread_blocked, id=11760, stack(0x000000001c050000,0x000000001c150000)]
  0x000000002779f000 JavaThread "Daemon worker Thread 2" [_thread_blocked, id=8720, stack(0x000000001bf50000,0x000000001c050000)]
  0x000000002779a800 JavaThread "Cancel handler" [_thread_blocked, id=4056, stack(0x000000001be50000,0x000000001bf50000)]
  0x000000002779e000 JavaThread "Handler for socket connection from /127.0.0.1:1069 to /127.0.0.1:16010" [_thread_in_native, id=5244, stack(0x000000001bb50000,0x000000001bc50000)]
  0x0000000027799800 JavaThread "Daemon Thread 2" [_thread_blocked, id=12216, stack(0x000000001ba50000,0x000000001bb50000)]
  0x000000002030a000 JavaThread "Cache worker for file content cache (C:\Users\dell pc\.gradle\caches\5.6.4\fileContent)" [_thread_blocked, id=956, stack(0x00000000233f0000,0x00000000234f0000)]
  0x0000000020305000 JavaThread "Memory manager" [_thread_blocked, id=14948, stack(0x0000000022ab0000,0x0000000022bb0000)]
  0x000000001a514000 JavaThread "Cache worker for execution history cache (C:\Users\dell pc\.gradle\caches\5.6.4\executionHistory)" [_thread_blocked, id=3684, stack(0x00000000203f0000,0x00000000204f0000)]
  0x000000001a512800 JavaThread "Cache worker for journal cache (C:\Users\dell pc\.gradle\caches\journal-1)" [_thread_blocked, id=13468, stack(0x000000001c750000,0x000000001c850000)]
  0x000000001a510800 JavaThread "File lock request listener" [_thread_in_native, id=10696, stack(0x000000001c650000,0x000000001c750000)]
  0x0000000018970800 JavaThread "Cache worker for file hash cache (C:\Users\dell pc\.gradle\caches\5.6.4\fileHashes)" [_thread_blocked, id=12532, stack(0x000000001c550000,0x000000001c650000)]
  0x000000001a3a2800 JavaThread "Daemon periodic checks" [_thread_blocked, id=14276, stack(0x000000001b950000,0x000000001ba50000)]
  0x0000000019d8e000 JavaThread "Incoming local TCP Connector on port 1069" [_thread_in_native, id=13352, stack(0x000000001b710000,0x000000001b810000)]
  0x000000001a0b2800 JavaThread "Daemon health stats" [_thread_blocked, id=9304, stack(0x000000001b0d0000,0x000000001b1d0000)]
  0x0000000018350800 JavaThread "Service Thread" daemon [_thread_blocked, id=4924, stack(0x0000000018730000,0x0000000018830000)]
  0x00000000169e3000 JavaThread "C1 CompilerThread2" daemon [_thread_blocked, id=15824, stack(0x0000000018230000,0x0000000018330000)]
=>0x00000000169d9000 JavaThread "C2 CompilerThread1" daemon [_thread_in_native, id=3884, stack(0x0000000018130000,0x0000000018230000)]
  0x00000000169d5800 JavaThread "C2 CompilerThread0" daemon [_thread_in_native, id=16360, stack(0x0000000018030000,0x0000000018130000)]
  0x00000000169d4000 JavaThread "Attach Listener" daemon [_thread_blocked, id=16120, stack(0x0000000017f30000,0x0000000018030000)]
  0x00000000169d3000 JavaThread "Signal Dispatcher" daemon [_thread_blocked, id=1820, stack(0x0000000017e30000,0x0000000017f30000)]
  0x000000000305b800 JavaThread "Finalizer" daemon [_thread_blocked, id=10108, stack(0x0000000017c30000,0x0000000017d30000)]
  0x0000000003052000 JavaThread "Reference Handler" daemon [_thread_blocked, id=4108, stack(0x0000000017b30000,0x0000000017c30000)]
  0x0000000002eae000 JavaThread "main" [_thread_blocked, id=12188, stack(0x0000000002d90000,0x0000000002e90000)]

Other Threads:
  0x0000000016995800 VMThread [stack: 0x0000000017a30000,0x0000000017b30000] [id=14660]
  0x0000000018353000 WatcherThread [stack: 0x0000000018830000,0x0000000018930000] [id=14900]

VM state:not at safepoint (normal execution)

VM Mutex/Monitor currently owned by a thread: None

heap address: 0x00000000a0000000, size: 1536 MB, Compressed Oops mode: 32-bit
Narrow klass base: 0x0000000000000000, Narrow klass shift: 3
Compressed class space size: 1073741824 Address: 0x0000000100000000

Heap:
 PSYoungGen      total 454144K, used 82830K [0x00000000e0000000, 0x0000000100000000, 0x0000000100000000)
  eden space 411648K, 20% used [0x00000000e0000000,0x00000000e50e3bc0,0x00000000f9200000)
  from space 42496K, 0% used [0x00000000fd680000,0x00000000fd680000,0x0000000100000000)
  to   space 56320K, 0% used [0x00000000f9200000,0x00000000f9200000,0x00000000fc900000)
 ParOldGen       total 309760K, used 102394K [0x00000000a0000000, 0x00000000b2e80000, 0x00000000e0000000)
  object space 309760K, 33% used [0x00000000a0000000,0x00000000a63febe0,0x00000000b2e80000)
 Metaspace       used 84501K, capacity 87919K, committed 89368K, reserved 1126400K
  class space    used 10984K, capacity 11703K, committed 12072K, reserved 1048576K

Card table byte_map: [0x0000000012420000,0x0000000012730000] byte_map_base: 0x0000000011f20000

Marking Bits: (ParMarkBitMap*) 0x000000005904f030
 Begin Bits: [0x0000000012d30000, 0x0000000014530000)
 End Bits:   [0x0000000014530000, 0x0000000015d30000)

Polling page: 0x0000000002e90000

CodeCache: size=245760Kb used=61510Kb max_used=61534Kb free=184249Kb
 bounds [0x0000000003060000, 0x0000000006cc0000, 0x0000000012060000]
 total_blobs=17470 nmethods=16618 adapters=761
 compilation: enabled

Compilation events (10 events):
Event: 3380.307 Thread 0x00000000169d5800 nmethod 21129 0x0000000006ca3650 code [0x0000000006ca37e0, 0x0000000006ca3c48]
Event: 3380.307 Thread 0x00000000169d5800 21124   !   4       org.gradle.internal.Try$Success::flatMap (20 bytes)
Event: 3380.321 Thread 0x00000000169d9000 nmethod 21121 0x0000000006cae450 code [0x0000000006cae7a0, 0x0000000006cb2cf8]
Event: 3380.322 Thread 0x00000000169d9000 21127       4       org.gradle.internal.hash.Hashing$DefaultHasher::hash (47 bytes)
Event: 3380.324 Thread 0x00000000169d9000 nmethod 21127 0x0000000006ca3190 code [0x0000000006ca32e0, 0x0000000006ca3468]
Event: 3380.324 Thread 0x00000000169d9000 21135       4       java.io.ObjectStreamClass::getObjFieldValues (10 bytes)
Event: 3380.328 Thread 0x00000000169d9000 nmethod 21135 0x0000000006c9ad10 code [0x0000000006c9ae60, 0x0000000006c9b0b8]
Event: 3380.335 Thread 0x00000000169d9000 21136       4       com.google.common.collect.ArrayListMultimap::createCollection (5 bytes)
Event: 3380.337 Thread 0x00000000169d9000 nmethod 21136 0x0000000006ca4550 code [0x0000000006ca46a0, 0x0000000006ca4878]
Event: 3380.337 Thread 0x00000000169d9000 21137       4       org.gradle.internal.logging.sink.LogEventDispatcher::onOutput (60 bytes)

GC Heap History (10 events):
Event: 72.625 GC heap before
{Heap before GC invocations=46 (full 3):
 PSYoungGen      total 483328K, used 461627K [0x00000000e0000000, 0x00000000ffe80000, 0x0000000100000000)
  eden space 444928K, 100% used [0x00000000e0000000,0x00000000fb280000,0x00000000fb280000)
  from space 38400K, 43% used [0x00000000fd900000,0x00000000fe94ed68,0x00000000ffe80000)
  to   space 38912K, 0% used [0x00000000fb280000,0x00000000fb280000,0x00000000fd880000)
 ParOldGen       total 177152K, used 138041K [0x00000000a0000000, 0x00000000aad00000, 0x00000000e0000000)
  object space 177152K, 77% used [0x00000000a0000000,0x00000000a86ce790,0x00000000aad00000)
 Metaspace       used 73961K, capacity 77805K, committed 77976K, reserved 1116160K
  class space    used 9979K, capacity 10836K, committed 10920K, reserved 1048576K
Event: 72.969 GC heap after
Heap after GC invocations=46 (full 3):
 PSYoungGen      total 483328K, used 461627K [0x00000000e0000000, 0x00000000ffe80000, 0x0000000100000000)
  eden space 444928K, 100% used [0x00000000e0000000,0x00000000fb280000,0x00000000fb280000)
  from space 38400K, 43% used [0x00000000fd900000,0x00000000fe94ed68,0x00000000ffe80000)
  to   space 38912K, 99% used [0x00000000fb280000,0x00000000fd87d538,0x00000000fd880000)
 ParOldGen       total 218112K, used 217608K [0x00000000a0000000, 0x00000000ad500000, 0x00000000e0000000)
  object space 218112K, 99% used [0x00000000a0000000,0x00000000ad482038,0x00000000ad500000)
 Metaspace       used 73961K, capacity 77805K, committed 77976K, reserved 1116160K
  class space    used 9979K, capacity 10836K, committed 10920K, reserved 1048576K
}
Event: 72.969 GC heap before
{Heap before GC invocations=47 (full 4):
 PSYoungGen      total 483328K, used 461627K [0x00000000e0000000, 0x00000000ffe80000, 0x0000000100000000)
  eden space 444928K, 100% used [0x00000000e0000000,0x00000000fb280000,0x00000000fb280000)
  from space 38400K, 43% used [0x00000000fd900000,0x00000000fe94ed68,0x00000000ffe80000)
  to   space 38912K, 99% used [0x00000000fb280000,0x00000000fd87d538,0x00000000fd880000)
 ParOldGen       total 218112K, used 217608K [0x00000000a0000000, 0x00000000ad500000, 0x00000000e0000000)
  object space 218112K, 99% used [0x00000000a0000000,0x00000000ad482038,0x00000000ad500000)
 Metaspace       used 73961K, capacity 77805K, committed 77976K, reserved 1116160K
  class space    used 9979K, capacity 10836K, committed 10920K, reserved 1048576K
Event: 73.839 GC heap after
Heap after GC invocations=47 (full 4):
 PSYoungGen      total 483328K, used 0K [0x00000000e0000000, 0x00000000ffe80000, 0x0000000100000000)
  eden space 444928K, 0% used [0x00000000e0000000,0x00000000e0000000,0x00000000fb280000)
  from space 38400K, 0% used [0x00000000fd900000,0x00000000fd900000,0x00000000ffe80000)
  to   space 38912K, 0% used [0x00000000fb280000,0x00000000fb280000,0x00000000fd880000)
 ParOldGen       total 218112K, used 186744K [0x00000000a0000000, 0x00000000ad500000, 0x00000000e0000000)
  object space 218112K, 85% used [0x00000000a0000000,0x00000000ab65e0f8,0x00000000ad500000)
 Metaspace       used 73727K, capacity 77189K, committed 77976K, reserved 1116160K
  class space    used 9900K, capacity 10696K, committed 10920K, reserved 1048576K
}
Event: 80.573 GC heap before
{Heap before GC invocations=48 (full 4):
 PSYoungGen      total 483328K, used 444928K [0x00000000e0000000, 0x00000000ffe80000, 0x0000000100000000)
  eden space 444928K, 100% used [0x00000000e0000000,0x00000000fb280000,0x00000000fb280000)
  from space 38400K, 0% used [0x00000000fd900000,0x00000000fd900000,0x00000000ffe80000)
  to   space 38912K, 0% used [0x00000000fb280000,0x00000000fb280000,0x00000000fd880000)
 ParOldGen       total 218112K, used 186744K [0x00000000a0000000, 0x00000000ad500000, 0x00000000e0000000)
  object space 218112K, 85% used [0x00000000a0000000,0x00000000ab65e0f8,0x00000000ad500000)
 Metaspace       used 78067K, capacity 81651K, committed 82072K, reserved 1120256K
  class space    used 10507K, capacity 11299K, committed 11432K, reserved 1048576K
Event: 80.606 GC heap after
Heap after GC invocations=48 (full 4):
 PSYoungGen      total 480768K, used 35559K [0x00000000e0000000, 0x0000000100000000, 0x0000000100000000)
  eden space 444928K, 0% used [0x00000000e0000000,0x00000000e0000000,0x00000000fb280000)
  from space 35840K, 99% used [0x00000000fb280000,0x00000000fd539cd0,0x00000000fd580000)
  to   space 42496K, 0% used [0x00000000fd680000,0x00000000fd680000,0x0000000100000000)
 ParOldGen       total 218112K, used 186752K [0x00000000a0000000, 0x00000000ad500000, 0x00000000e0000000)
  object space 218112K, 85% used [0x00000000a0000000,0x00000000ab6600f8,0x00000000ad500000)
 Metaspace       used 78067K, capacity 81651K, committed 82072K, reserved 1120256K
  class space    used 10507K, capacity 11299K, committed 11432K, reserved 1048576K
}
Event: 3377.645 GC heap before
{Heap before GC invocations=49 (full 4):
 PSYoungGen      total 480768K, used 480487K [0x00000000e0000000, 0x0000000100000000, 0x0000000100000000)
  eden space 444928K, 100% used [0x00000000e0000000,0x00000000fb280000,0x00000000fb280000)
  from space 35840K, 99% used [0x00000000fb280000,0x00000000fd539cd0,0x00000000fd580000)
  to   space 42496K, 0% used [0x00000000fd680000,0x00000000fd680000,0x0000000100000000)
 ParOldGen       total 218112K, used 186752K [0x00000000a0000000, 0x00000000ad500000, 0x00000000e0000000)
  object space 218112K, 85% used [0x00000000a0000000,0x00000000ab6600f8,0x00000000ad500000)
 Metaspace       used 84885K, capacity 88833K, committed 89112K, reserved 1126400K
  class space    used 11114K, capacity 11994K, committed 12072K, reserved 1048576K
Event: 3377.740 GC heap after
Heap after GC invocations=49 (full 4):
 PSYoungGen      total 454144K, used 42475K [0x00000000e0000000, 0x0000000100000000, 0x0000000100000000)
  eden space 411648K, 0% used [0x00000000e0000000,0x00000000e0000000,0x00000000f9200000)
  from space 42496K, 99% used [0x00000000fd680000,0x00000000ffffad30,0x0000000100000000)
  to   space 56320K, 0% used [0x00000000f9200000,0x00000000f9200000,0x00000000fc900000)
 ParOldGen       total 218112K, used 211163K [0x00000000a0000000, 0x00000000ad500000, 0x00000000e0000000)
  object space 218112K, 96% used [0x00000000a0000000,0x00000000ace36e10,0x00000000ad500000)
 Metaspace       used 84885K, capacity 88833K, committed 89112K, reserved 1126400K
  class space    used 11114K, capacity 11994K, committed 12072K, reserved 1048576K
}
Event: 3377.740 GC heap before
{Heap before GC invocations=50 (full 5):
 PSYoungGen      total 454144K, used 42475K [0x00000000e0000000, 0x0000000100000000, 0x0000000100000000)
  eden space 411648K, 0% used [0x00000000e0000000,0x00000000e0000000,0x00000000f9200000)
  from space 42496K, 99% used [0x00000000fd680000,0x00000000ffffad30,0x0000000100000000)
  to   space 56320K, 0% used [0x00000000f9200000,0x00000000f9200000,0x00000000fc900000)
 ParOldGen       total 218112K, used 211163K [0x00000000a0000000, 0x00000000ad500000, 0x00000000e0000000)
  object space 218112K, 96% used [0x00000000a0000000,0x00000000ace36e10,0x00000000ad500000)
 Metaspace       used 84885K, capacity 88833K, committed 89112K, reserved 1126400K
  class space    used 11114K, capacity 11994K, committed 12072K, reserved 1048576K
Event: 3378.100 GC heap after
Heap after GC invocations=50 (full 5):
 PSYoungGen      total 454144K, used 0K [0x00000000e0000000, 0x0000000100000000, 0x0000000100000000)
  eden space 411648K, 0% used [0x00000000e0000000,0x00000000e0000000,0x00000000f9200000)
  from space 42496K, 0% used [0x00000000fd680000,0x00000000fd680000,0x0000000100000000)
  to   space 56320K, 0% used [0x00000000f9200000,0x00000000f9200000,0x00000000fc900000)
 ParOldGen       total 309760K, used 102394K [0x00000000a0000000, 0x00000000b2e80000, 0x00000000e0000000)
  object space 309760K, 33% used [0x00000000a0000000,0x00000000a63febe0,0x00000000b2e80000)
 Metaspace       used 84042K, capacity 87367K, committed 89112K, reserved 1126400K
  class space    used 10933K, capacity 11627K, committed 12072K, reserved 1048576K
}

Deoptimization events (10 events):
Event: 3378.269 Thread 0x00000000277a2000 Uncommon trap: reason=class_check action=maybe_recompile pc=0x0000000004672890 method=java.util.concurrent.ConcurrentHashMap.replaceNode(Ljava/lang/Object;Ljava/lang/Object;Ljava/lang/Object;)Ljava/lang/Object; @ 147
Event: 3378.269 Thread 0x00000000277a2000 Uncommon trap: reason=unstable_if action=reinterpret pc=0x00000000049b1530 method=java.lang.ref.SoftReference.get()Ljava/lang/Object; @ 6
Event: 3378.270 Thread 0x00000000277a2000 Uncommon trap: reason=class_check action=maybe_recompile pc=0x0000000004672890 method=java.util.concurrent.ConcurrentHashMap.replaceNode(Ljava/lang/Object;Ljava/lang/Object;Ljava/lang/Object;)Ljava/lang/Object; @ 147
Event: 3378.272 Thread 0x00000000277a2000 Uncommon trap: reason=class_check action=maybe_recompile pc=0x0000000004672890 method=java.util.concurrent.ConcurrentHashMap.replaceNode(Ljava/lang/Object;Ljava/lang/Object;Ljava/lang/Object;)Ljava/lang/Object; @ 147
Event: 3378.276 Thread 0x00000000277a2000 Uncommon trap: reason=unstable_if action=reinterpret pc=0x0000000003a4b518 method=java.lang.ref.SoftReference.get()Ljava/lang/Object; @ 6
Event: 3378.284 Thread 0x00000000277a2000 Uncommon trap: reason=unstable_if action=reinterpret pc=0x0000000006232bf0 method=java.io.ObjectOutputStream$ReplaceTable.lookup(Ljava/lang/Object;)Ljava/lang/Object; @ 10
Event: 3378.613 Thread 0x000000001a0b2800 Uncommon trap: reason=unstable_if action=reinterpret pc=0x00000000063426b0 method=org.gradle.launcher.daemon.server.health.gc.GarbageCollectionCheck.run()V @ 100
Event: 3378.630 Thread 0x00000000277a5000 Uncommon trap: reason=bimorphic action=maybe_recompile pc=0x0000000003ef80f4 method=java.util.stream.SortedOps$SizedRefSortingSink.end()V @ 25
Event: 3378.898 Thread 0x000000001a512000 Uncommon trap: reason=unstable_if action=reinterpret pc=0x0000000006af893c method=com.google.common.util.concurrent.AbstractFuture.releaseWaiters()V @ 22
Event: 3378.926 Thread 0x0000000020312800 Uncommon trap: reason=unstable_if action=reinterpret pc=0x000000000463ca18 method=java.io.BufferedReader.readLine(Z)Ljava/lang/String; @ 192

Classes redefined (0 events):
No events

Internal exceptions (10 events):
Event: 3378.283 Thread 0x00000000277a2000 Exception <a 'java/lang/NoSuchMethodError': <clinit>> (0x00000000e15ab760) thrown at [C:\src\AOSP-openjdk-git\hotspot\src\share\vm\prims\jni.cpp, line 1615]
Event: 3378.577 Thread 0x000000002779f800 Exception <a 'java/lang/NoSuchMethodError': <clinit>> (0x00000000e063afb0) thrown at [C:\src\AOSP-openjdk-git\hotspot\src\share\vm\prims\jni.cpp, line 1615]
Event: 3378.577 Thread 0x000000002779f800 Exception <a 'java/lang/NoSuchMethodError': <clinit>> (0x00000000e063d1c0) thrown at [C:\src\AOSP-openjdk-git\hotspot\src\share\vm\prims\jni.cpp, line 1615]
Event: 3378.578 Thread 0x000000002779f800 Exception <a 'java/lang/NoSuchMethodError': <clinit>> (0x00000000e0648cb0) thrown at [C:\src\AOSP-openjdk-git\hotspot\src\share\vm\prims\jni.cpp, line 1615]
Event: 3378.579 Thread 0x000000002779f800 Exception <a 'java/lang/NoSuchMethodError': <clinit>> (0x00000000e06615c0) thrown at [C:\src\AOSP-openjdk-git\hotspot\src\share\vm\prims\jni.cpp, line 1615]
Event: 3378.580 Thread 0x000000002779f800 Exception <a 'java/lang/NoSuchMethodError': <clinit>> (0x00000000e066c5b8) thrown at [C:\src\AOSP-openjdk-git\hotspot\src\share\vm\prims\jni.cpp, line 1615]
Event: 3378.581 Thread 0x000000002779f800 Exception <a 'java/lang/NoSuchMethodError': <clinit>> (0x00000000e359f1d8) thrown at [C:\src\AOSP-openjdk-git\hotspot\src\share\vm\prims\jni.cpp, line 1615]
Event: 3378.582 Thread 0x000000002779f800 Exception <a 'java/lang/NoSuchMethodError': <clinit>> (0x00000000e35b6340) thrown at [C:\src\AOSP-openjdk-git\hotspot\src\share\vm\prims\jni.cpp, line 1615]
Event: 3378.583 Thread 0x000000002779f800 Exception <a 'java/lang/NoSuchMethodError': <clinit>> (0x00000000e35ba170) thrown at [C:\src\AOSP-openjdk-git\hotspot\src\share\vm\prims\jni.cpp, line 1615]
Event: 3378.583 Thread 0x000000002779f800 Exception <a 'java/lang/NoSuchMethodError': <clinit>> (0x00000000e35bc000) thrown at [C:\src\AOSP-openjdk-git\hotspot\src\share\vm\prims\jni.cpp, line 1615]

Events (10 events):
Event: 3380.197 Thread 0x00000000277a2800 DEOPT PACKING pc=0x0000000006bb3b2c sp=0x00000000267feae0
Event: 3380.197 Thread 0x00000000277a2800 DEOPT UNPACKING pc=0x00000000030a75d0 sp=0x00000000267fe840 mode 0
Event: 3380.226 Thread 0x00000000277a5000 DEOPT PACKING pc=0x0000000006bb3b2c sp=0x0000000028dfeb70
Event: 3380.226 Thread 0x00000000277a5000 DEOPT UNPACKING pc=0x00000000030a75d0 sp=0x0000000028dfe8d0 mode 0
Event: 3380.241 Thread 0x000000002779f000 DEOPT PACKING pc=0x0000000006bb3b43 sp=0x000000001c04bee0
Event: 3380.241 Thread 0x000000002779f000 DEOPT UNPACKING pc=0x00000000030a75d0 sp=0x000000001c04bc40 mode 0
Event: 3380.276 Executing VM operation: RevokeBias
Event: 3380.277 Executing VM operation: RevokeBias done
Event: 3380.284 Executing VM operation: RevokeBias
Event: 3380.284 Executing VM operation: RevokeBias done


Dynamic libraries:
0x00007ff75b3b0000 - 0x00007ff75b3e1000 	F:\android-studio-ide-192.5916306-windows\android-studio\jre\bin\java.exe
0x00007ffa2fc50000 - 0x00007ffa2fe45000 	C:\WINDOWS\SYSTEM32\ntdll.dll
0x00007ffa2fb50000 - 0x00007ffa2fc0d000 	C:\WINDOWS\System32\KERNEL32.DLL
0x00007ffa2d870000 - 0x00007ffa2db39000 	C:\WINDOWS\System32\KERNELBASE.dll
0x00007ffa2f070000 - 0x00007ffa2f11c000 	C:\WINDOWS\System32\ADVAPI32.dll
0x00007ffa2f640000 - 0x00007ffa2f6de000 	C:\WINDOWS\System32\msvcrt.dll
0x00007ffa2f3f0000 - 0x00007ffa2f48b000 	C:\WINDOWS\System32\sechost.dll
0x00007ffa2ee20000 - 0x00007ffa2ef4a000 	C:\WINDOWS\System32\RPCRT4.dll
0x00007ffa2ec80000 - 0x00007ffa2ee20000 	C:\WINDOWS\System32\USER32.dll
0x00007ffa2d7e0000 - 0x00007ffa2d802000 	C:\WINDOWS\System32\win32u.dll
0x00007ffa2f120000 - 0x00007ffa2f14a000 	C:\WINDOWS\System32\GDI32.dll
0x00007ffa2d390000 - 0x00007ffa2d49b000 	C:\WINDOWS\System32\gdi32full.dll
0x00007ffa2d4a0000 - 0x00007ffa2d53d000 	C:\WINDOWS\System32\msvcp_win.dll
0x00007ffa2dbc0000 - 0x00007ffa2dcc0000 	C:\WINDOWS\System32\ucrtbase.dll
0x00007ffa1ee70000 - 0x00007ffa1f10a000 	C:\WINDOWS\WinSxS\amd64_microsoft.windows.common-controls_6595b64144ccf1df_6.0.19041.1110_none_60b5254171f9507e\COMCTL32.dll
0x00007ffa2e260000 - 0x00007ffa2e290000 	C:\WINDOWS\System32\IMM32.DLL
0x0000000059cd0000 - 0x0000000059da2000 	F:\android-studio-ide-192.5916306-windows\android-studio\jre\jre\bin\msvcr100.dll
0x0000000058880000 - 0x00000000590cb000 	F:\android-studio-ide-192.5916306-windows\android-studio\jre\jre\bin\server\jvm.dll
0x00007ffa2dd20000 - 0x00007ffa2dd28000 	C:\WINDOWS\System32\PSAPI.DLL
0x00007ffa2ac20000 - 0x00007ffa2ac29000 	C:\WINDOWS\SYSTEM32\WSOCK32.dll
0x00007ffa2ec10000 - 0x00007ffa2ec7b000 	C:\WINDOWS\System32\WS2_32.dll
0x00007ffa20ca0000 - 0x00007ffa20cc7000 	C:\WINDOWS\SYSTEM32\WINMM.dll
0x00007ffa26730000 - 0x00007ffa2673a000 	C:\WINDOWS\SYSTEM32\VERSION.dll
0x00007ffa2a2a0000 - 0x00007ffa2a2af000 	F:\android-studio-ide-192.5916306-windows\android-studio\jre\jre\bin\verify.dll
0x00007ffa263d0000 - 0x00007ffa263f9000 	F:\android-studio-ide-192.5916306-windows\android-studio\jre\jre\bin\java.dll
0x00007ffa285e0000 - 0x00007ffa285f6000 	F:\android-studio-ide-192.5916306-windows\android-studio\jre\jre\bin\zip.dll
0x00007ffa2e3a0000 - 0x00007ffa2eadf000 	C:\WINDOWS\System32\SHELL32.dll
0x00007ffa2b4e0000 - 0x00007ffa2bc71000 	C:\WINDOWS\SYSTEM32\windows.storage.dll
0x00007ffa2de70000 - 0x00007ffa2e1c5000 	C:\WINDOWS\System32\combase.dll
0x00007ffa2cd30000 - 0x00007ffa2cd5c000 	C:\WINDOWS\SYSTEM32\Wldp.dll
0x00007ffa2f340000 - 0x00007ffa2f3ee000 	C:\WINDOWS\System32\SHCORE.dll
0x00007ffa2dcc0000 - 0x00007ffa2dd15000 	C:\WINDOWS\System32\shlwapi.dll
0x00007ffa2d2d0000 - 0x00007ffa2d2ef000 	C:\WINDOWS\SYSTEM32\profapi.dll
0x00007ffa236c0000 - 0x00007ffa236da000 	F:\android-studio-ide-192.5916306-windows\android-studio\jre\jre\bin\net.dll
0x00007ffa2ca90000 - 0x00007ffa2cafa000 	C:\WINDOWS\system32\mswsock.dll
0x00007ffa236a0000 - 0x00007ffa236b3000 	F:\android-studio-ide-192.5916306-windows\android-studio\jre\jre\bin\nio.dll
0x00007ffa10630000 - 0x00007ffa10656000 	C:\Users\dell pc\.gradle\native\30\windows-amd64\native-platform.dll
0x00007ffa263c0000 - 0x00007ffa263cd000 	F:\android-studio-ide-192.5916306-windows\android-studio\jre\jre\bin\management.dll
0x00007ffa2cc70000 - 0x00007ffa2cc88000 	C:\WINDOWS\SYSTEM32\CRYPTSP.dll
0x00007ffa2c430000 - 0x00007ffa2c464000 	C:\WINDOWS\system32\rsaenh.dll
0x00007ffa2db40000 - 0x00007ffa2db67000 	C:\WINDOWS\System32\bcrypt.dll
0x00007ffa2d1e0000 - 0x00007ffa2d20e000 	C:\WINDOWS\SYSTEM32\USERENV.dll
0x00007ffa2d750000 - 0x00007ffa2d7d3000 	C:\WINDOWS\System32\bcryptprimitives.dll
0x00007ffa2cc90000 - 0x00007ffa2cc9c000 	C:\WINDOWS\SYSTEM32\CRYPTBASE.dll
0x00007ffa2c780000 - 0x00007ffa2c7bb000 	C:\WINDOWS\SYSTEM32\IPHLPAPI.DLL
0x00007ffa2e390000 - 0x00007ffa2e398000 	C:\WINDOWS\System32\NSI.dll
0x00007ffa27350000 - 0x00007ffa27367000 	C:\WINDOWS\SYSTEM32\dhcpcsvc6.DLL
0x00007ffa283e0000 - 0x00007ffa283fd000 	C:\WINDOWS\SYSTEM32\dhcpcsvc.DLL
0x00007ffa2c7c0000 - 0x00007ffa2c88c000 	C:\WINDOWS\SYSTEM32\DNSAPI.dll

VM Arguments:
jvm_args: -Xmx1536m -Dfile.encoding=windows-1252 -Duser.country=IN -Duser.language=en -Duser.variant 
java_command: org.gradle.launcher.daemon.bootstrap.GradleDaemon 5.6.4
java_class_path (initial): C:\Users\dell pc\.gradle\wrapper\dists\gradle-5.6.4-all\ankdp27end7byghfw1q2sw75f\gradle-5.6.4\lib\gradle-launcher-5.6.4.jar
Launcher Type: SUN_STANDARD

Environment Variables:
PATH=C:\Program Files (x86)\Common Files\Oracle\Java\javapath;C:\WINDOWS\system32;C:\WINDOWS;C:\WINDOWS\System32\Wbem;C:\WINDOWS\System32\WindowsPowerShell\v1.0\;C:\Program Files\Microsoft SQL Server\110\Tools\Binn\;C:\WINDOWS\System32\OpenSSH\;C:\Program Files\TortoiseSVN\bin;C:\Program Files\Git\cmd;C:\Users\dell pc\AppData\Local\Microsoft\WindowsApps;C:\Users\dell pc\AppData\Local\GitHubDesktop\bin;%USERPROFILE%\AppData\Local\Microsoft\WindowsApps;
USERNAME=dell pc
OS=Windows_NT
PROCESSOR_IDENTIFIER=Intel64 Family 6 Model 60 Stepping 3, GenuineIntel



---------------  S Y S T E M  ---------------

OS: Windows 10.0 , 64 bit Build 19041 (10.0.19041.1023)

CPU:total 4 (initial active 4) (2 cores per cpu, 2 threads per core) family 6 model 60 stepping 3, cmov, cx8, fxsr, mmx, sse, sse2, sse3, ssse3, sse4.1, sse4.2, popcnt, avx, avx2, aes, clmul, erms, lzcnt, ht, tsc, tscinvbit, bmi1, bmi2

Memory: 4k page, physical 12499468k(2871716k free), swap 16693772k(4228k free)

vm_info: OpenJDK 64-Bit Server VM (25.242-b01) for windows-amd64 JRE (1.8.0_242-release-1644-b01), built by "builder" with MS VC++ 10.0 (VS2010)

time: Thu Aug 12 10:29:06 2021
timezone: India Standard Time
elapsed time: 3380 seconds (0d 0h 56m 20s)

